WEATHER ON /
280-10:11:01   14.0  1012.5    12.0  0.0  0.0  0.00  0.0 
280-10:19:50   14.0  1012.6    11.9  0.0  0.0  0.00  0.0 
280-10:20:00   14.0  1012.6    11.9  0.0  0.0  0.00  0.0 
280-10:24:00   13.9  1012.6    11.8  0.0  0.0  0.00  0.0 
280-10:26:50   13.9  1012.6    11.9  0.0  0.0  0.00  0.0 
280-10:27:00   13.9  1012.6    11.9  0.0  0.0  0.00  0.0 
280-10:32:00   13.9  1012.6    11.7  0.0  0.0  0.00  0.0 
280-10:39:50   13.9  1012.4    11.8  0.0  0.0  0.00  0.0 
280-10:40:00   13.9  1012.4    11.9  0.0  0.0  0.00  0.0 
280-10:47:20   13.9  1012.3    11.8  0.0  0.0  0.00  0.0 
280-10:59:50   13.9  1012.1    11.8  0.0  0.0  0.00  0.0 
280-11:00:00   13.9  1012.1    11.8  0.0  0.0  0.00  0.0 
280-11:07:20   14.0  1011.9    11.8  0.0  0.0  0.00  0.0 
280-11:19:50   14.1  1011.9    12.0  0.0  0.0  0.00  0.0 
280-11:20:00   14.1  1011.8    11.9  0.0  0.0  0.00  0.0 
280-11:24:00   13.9  1011.7    11.7  0.0  0.0  0.00  0.0 
280-11:26:50   13.8  1011.8    11.7  0.0  0.0  0.00  0.0 
280-11:27:00   13.8  1011.8    11.7  0.0  0.0  0.00  0.0 
280-11:34:20   13.4  1011.8    11.8  0.0  0.0  0.00  0.0 
280-11:39:50   13.4  1011.7    11.9  0.0  0.0  0.00  0.0 
280-11:40:00   13.5  1011.7    12.0  0.0  0.0  0.00  0.0 
280-11:47:20   13.5  1011.5    12.1  0.0  0.0  0.00  0.0 
280-11:59:50   13.9  1011.2    11.9  0.0  0.0  0.00  0.0 
280-12:00:00   13.8  1011.2    11.7  0.0  0.0  0.00  0.0 
280-12:04:00   13.8  1011.2    11.7  0.0  0.0  0.00  0.0 
280-12:07:00   13.9  1011.1    11.8  0.0  0.0  0.00  0.0 
280-12:07:10   13.9  1011.1    11.8  0.0  0.0  0.00  0.0 
280-12:14:30   14.0  1011.1    11.9  0.0  0.0  0.00  0.0 
280-12:19:50   13.9  1011.0    11.6  0.0  0.0  0.00  0.0 
280-12:20:00   13.8  1011.0    11.6  0.0  0.0  0.00  0.0 
280-12:28:00   14.3  1010.8    12.0  0.0  0.0  0.00  0.0 
280-12:39:50   14.1  1010.7    11.8  0.0  0.0  0.00  0.0 
280-12:40:00   14.2  1010.7    11.9  0.0  0.0  0.00  0.0 
280-12:47:20   14.2  1010.6    11.7  0.0  0.0  0.00  0.0 
280-12:59:50   13.9  1010.5    11.7  0.0  0.0  0.00  0.0 
280-13:00:00   13.9  1010.5    11.7  0.0  0.0  0.00  0.0 
280-13:04:00   13.9  1010.5    11.6  0.0  0.0  0.00  0.0 
280-13:07:30   13.9  1010.5    11.8  0.0  0.0  0.00  0.0 
280-13:07:40   13.9  1010.6    11.7  0.0  0.0  0.00  0.0 
280-13:15:00   13.9  1010.6    11.8  0.0  0.0  0.00  0.0 
280-13:19:50   13.9  1010.5    11.7  0.0  0.0  0.00  0.0 
280-13:20:00   13.9  1010.5    11.7  0.0  0.0  0.00  0.0 
280-13:27:20   13.8  1010.4    11.7  0.0  0.0  0.00  0.0 
280-13:39:50   13.9  1010.2    11.8  0.0  0.0  0.00  0.0 
280-13:40:00   13.9  1010.2    11.7  0.0  0.0  0.00  0.0 
280-13:47:20   13.9  1010.2    11.7  0.0  0.0  0.00  0.0 
280-13:59:50   14.0  1010.0    11.9  0.0  0.0  0.00  0.0 
280-14:00:00   14.0  1010.0    11.9  0.0  0.0  0.00  0.0 
280-14:03:00   14.0  1010.0    11.9  0.0  0.0  0.00  0.0 
280-14:07:50   14.1  1010.0    11.9  0.0  0.0  0.00  0.0 
280-14:08:00   14.2  1010.0    12.0  0.0  0.0  0.00  0.0 
280-14:15:00   14.2  1010.0    11.8  0.0  0.0  0.00  0.0 
280-14:19:50   14.4  1009.9    12.0  0.0  0.0  0.00  0.0 
280-14:20:00   14.5  1009.9    12.1  0.0  0.0  0.00  0.0 
280-14:27:20   14.5  1009.7    12.0  0.0  0.0  0.00  0.0 
280-14:39:50   14.4  1009.6    11.9  0.0  0.0  0.00  0.0 
280-14:40:00   14.4  1009.6    11.9  0.0  0.0  0.00  0.0 
280-14:47:20   14.2  1009.5    11.9  0.0  0.0  0.00  0.0 
280-14:59:50   14.1  1009.4    11.9  0.0  0.0  0.00  0.0 
280-15:00:00   14.1  1009.4    11.9  0.0  0.0  0.00  0.0 
280-15:04:00   14.0  1009.3    11.9  0.0  0.0  0.00  0.0 
280-15:08:05   13.8  1009.2    11.7  0.0  0.0  0.00  0.0 
280-15:08:15   13.8  1009.2    11.7  0.0  0.0  0.00  0.0 
280-15:15:15   13.8  1009.2    11.9  0.0  0.0  0.00  0.0 
280-15:19:50   13.9  1009.1    12.0  0.0  0.0  0.00  0.0 
280-15:20:00   13.9  1009.1    12.0  0.0  0.0  0.00  0.0 
280-15:27:20   14.0  1009.0    12.1  0.0  0.0  0.00  0.0 
280-15:39:50   14.0  1008.9    12.1  0.0  0.0  0.00  0.0 
280-15:40:00   14.0  1008.9    12.1  0.0  0.0  0.00  0.0 
280-15:47:20   14.0  1008.9    12.0  0.0  0.0  0.00  0.0 
280-15:59:51   13.9  1008.8    11.9  0.0  0.0  0.00  0.0 
280-16:00:01   13.9  1008.8    11.9  0.0  0.0  0.00  0.0 
280-16:07:21   14.0  1008.8    12.1  0.0  0.0  0.00  0.0 
280-16:14:51   14.1  1008.7    12.1  0.0  0.0  0.00  0.0 
280-16:15:01   14.1  1008.7    12.1  0.0  0.0  0.00  0.0 
280-16:22:21   14.2  1008.7    12.2  0.0  0.0  0.00  0.0 
280-16:29:51   14.2  1008.6    12.0  0.0  0.0  0.00  0.0 
280-16:30:01   14.2  1008.6    12.0  0.0  0.0  0.00  0.0 
280-16:37:21   14.2  1008.5    12.0  0.0  0.0  0.00  0.0 
280-16:44:51   14.2  1008.3    12.0  0.0  0.0  0.00  0.0 
280-16:45:01   14.2  1008.3    12.0  0.0  0.0  0.00  0.0 
280-16:52:21   14.2  1008.3    12.1  0.0  0.0  0.00  0.0 
280-16:59:51   14.2  1008.2    12.0  0.0  0.0  0.00  0.0 
280-17:00:01   14.2  1008.2    12.0  0.0  0.0  0.00  0.0 
280-17:07:21   14.2  1008.1    12.0  0.0  0.0  0.00  0.0 
280-17:14:51   14.2  1008.0    12.2  0.0  0.0  0.00  0.0 
280-17:15:01   14.2  1008.0    12.2  0.0  0.0  0.00  0.0 
280-17:22:21   14.2  1008.0    12.1  0.0  0.0  0.00  0.0 
280-17:29:51   14.2  1007.9    12.1  0.0  0.0  0.00  0.0 
280-17:30:01   14.2  1007.9    12.1  0.0  0.0  0.00  0.0 
280-17:37:21   14.2  1007.9    12.1  0.0  0.0  0.00  0.0 
280-17:44:51   14.2  1007.8    12.1  0.0  0.0  0.00  0.0 
280-17:45:01   14.2  1007.8    12.1  0.0  0.0  0.00  0.0 
280-17:52:21   14.2  1007.7    12.0  0.0  0.0  0.00  0.0 
280-17:59:51   14.2  1007.7    12.0  0.0  0.0  0.00  0.0 
280-18:00:01   14.2  1007.7    12.0  0.0  0.0  0.00  0.0 
280-18:07:21   14.2  1007.6    11.9  0.0  0.0  0.00  0.0 
280-18:14:51   13.9  1007.6    12.0  0.0  0.0  0.00  0.0 
280-18:15:01   13.9  1007.6    12.0  0.0  0.0  0.00  0.0 
280-18:22:21   13.9  1007.6    12.2  0.0  0.0  0.00  0.0 
280-18:29:51   13.9  1007.5    12.2  0.0  0.0  0.00  0.0 
280-18:30:01   13.9  1007.5    12.2  0.0  0.0  0.00  0.0 
280-18:37:21   14.0  1007.4    12.2  0.0  0.0  0.00  0.0 
280-18:44:51   14.0  1007.4    12.1  0.0  0.0  0.00  0.0 
280-18:45:01   14.0  1007.4    12.1  0.0  0.0  0.00  0.0 
280-18:52:21   14.0  1007.3    12.2  0.0  0.0  0.00  0.0 
280-18:59:51   14.0  1007.2    12.1  0.0  0.0  0.00  0.0 
280-19:00:01   14.0  1007.2    12.1  0.0  0.0  0.00  0.0 
280-19:07:21   14.1  1007.1    12.1  0.0  0.0  0.00  0.0 
280-19:14:51   14.1  1007.0    12.1  0.0  0.0  0.00  0.0 
280-19:15:01   14.1  1007.0    12.1  0.0  0.0  0.00  0.0 
280-19:22:21   14.0  1006.9    12.0  0.0  0.0  0.00  0.0 
280-19:29:51   14.0  1006.9    12.0  0.0  0.0  0.00  0.0 
280-19:30:01   14.0  1006.8    12.0  0.0  0.0  0.00  0.0 
280-19:37:21   14.1  1006.8    12.1  0.0  0.0  0.00  0.0 
280-19:44:51   14.2  1006.8    12.1  0.0  0.0  0.00  0.0 
280-19:45:01   14.2  1006.8    12.1  0.0  0.0  0.00  0.0 
280-19:52:21   14.2  1006.7    12.1  0.0  0.0  0.00  0.0 
280-19:59:51   14.2  1006.7    12.0  0.0  0.0  0.00  0.0 
280-20:00:01   14.2  1006.7    12.0  0.0  0.0  0.00  0.0 
280-20:07:21   14.2  1006.6    12.1  0.0  0.0  0.00  0.0 
280-20:14:51   14.2  1006.5    12.0  0.0  0.0  0.00  0.0 
280-20:15:01   14.2  1006.5    12.0  0.0  0.0  0.00  0.0 
280-20:22:21   14.2  1006.5    11.8  0.0  0.0  0.00  0.0 
280-20:29:51   14.2  1006.4    11.9  0.0  0.0  0.00  0.0 
280-20:30:01   14.2  1006.3    11.9  0.0  0.0  0.00  0.0 
280-20:37:21   14.2  1006.3    11.9  0.0  0.0  0.00  0.0 
280-20:44:51   14.1  1006.2    11.8  0.0  0.0  0.00  0.0 
280-20:45:01   14.1  1006.2    11.8  0.0  0.0  0.00  0.0 
280-20:52:21   14.2  1006.1    12.0  0.0  0.0  0.00  0.0 
280-20:59:51   14.2  1006.1    12.0  0.0  0.0  0.00  0.0 
280-21:00:01   14.2  1006.1    12.0  0.0  0.0  0.00  0.0 
280-21:07:21   14.2  1006.1    11.9  0.0  0.0  0.00  0.0 
280-21:14:51   14.0  1006.0    11.8  0.0  0.0  0.00  0.0 
280-21:15:01   14.0  1006.0    11.8  0.0  0.0  0.00  0.0 
280-21:22:21   14.0  1005.9    12.0  0.0  0.0  0.00  0.0 
280-21:29:51   13.9  1006.0    11.9  0.0  0.0  0.00  0.0 
280-21:30:01   13.9  1006.0    11.9  0.0  0.0  0.00  0.0 
280-21:37:21   13.7  1006.0    12.1  0.0  0.0  0.00  0.0 
280-21:44:51   13.7  1005.9    12.3  0.0  0.0  0.00  0.0 
280-21:45:01   13.6  1005.8    12.2  0.0  0.0  0.00  0.0 
280-21:51:01   13.5  1005.6    12.1  0.0  0.0  0.00  0.0 
280-21:59:50   13.4  1005.5    12.0  0.0  0.0  0.00  0.0 
280-22:00:00   13.4  1005.5    12.0  0.0  0.0  0.00  0.0 
280-22:06:00   13.4  1005.5    11.7  0.0  0.0  0.00  0.0 
280-22:14:50   13.4  1005.4    12.0  0.0  0.0  0.00  0.0 
280-22:15:00   13.3  1005.4    11.9  0.0  0.0  0.00  0.0 
280-22:21:00   13.2  1005.4    11.9  0.0  0.0  0.00  0.0 
280-22:29:50   13.2  1005.6    11.5  0.0  0.0  0.00  0.0 
280-22:30:00   13.2  1005.7    11.5  0.0  0.0  0.00  0.0 
280-22:36:00   13.1  1005.8    11.1  0.0  0.0  0.00  0.0 
280-22:44:50   12.9  1005.7    11.2  0.0  0.0  0.00  0.0 
280-22:45:00   12.9  1005.7    11.2  0.0  0.0  0.00  0.0 
280-22:51:00   12.7  1005.6    11.0  0.0  0.0  0.00  0.0 
280-22:59:50   12.8  1005.4    10.9  0.0  0.0  0.00  0.0 
280-23:00:00   12.8  1005.4    10.9  0.0  0.0  0.00  0.0 
280-23:06:00   12.6  1005.4    10.5  0.0  0.0  0.00  0.0 
280-23:14:50   12.7  1005.3    10.6  0.0  0.0  0.00  0.0 
280-23:15:00   12.7  1005.3    10.6  0.0  0.0  0.00  0.0 
280-23:21:00   12.6  1005.4    10.6  0.0  0.0  0.00  0.0 
280-23:29:50   12.6  1005.3    10.2  0.0  0.0  0.00  0.0 
280-23:30:00   12.6  1005.3    10.3  0.0  0.0  0.00  0.0 
280-23:36:00   12.5  1005.4    10.4  0.0  0.0  0.00  0.0 
280-23:44:50   12.3  1005.5    10.0  0.0  0.0  0.00  0.0 
280-23:45:00   12.2  1005.5     9.8  0.0  0.0  0.00  0.0 
280-23:51:00   12.3  1005.7    10.1  0.0  0.0  0.00  0.0 
280-23:59:51   12.0  1005.3    10.1  0.0  0.0  0.00  0.0 
281-00:00:01   12.0  1005.3    10.1  0.0  0.0  0.00  0.0 
281-00:06:01   12.1  1005.5    10.5  0.0  0.0  0.00  0.0 
281-00:14:50   11.9  1005.4    10.2  0.0  0.0  0.00  0.0 
281-00:15:00   11.9  1005.4    10.2  0.0  0.0  0.00  0.0 
281-00:21:00   11.9  1005.2    10.1  0.0  0.0  0.00  0.0 
281-00:29:50   12.0  1005.3     9.9  0.0  0.0  0.00  0.0 
281-00:30:00   12.0  1005.3     9.9  0.0  0.0  0.00  0.0 
281-00:36:00   12.2  1005.0    10.2  0.0  0.0  0.00  0.0 
281-00:44:50   12.1  1005.0    10.0  0.0  0.0  0.00  0.0 
281-00:45:00   12.1  1005.1    10.0  0.0  0.0  0.00  0.0 
281-00:51:00   12.4  1005.2    10.4  0.0  0.0  0.00  0.0 
281-00:59:50   12.3  1005.1    10.2  0.0  0.0  0.00  0.0 
281-01:00:00   12.3  1005.1    10.2  0.0  0.0  0.00  0.0 
281-01:06:00   12.4  1005.2    10.4  0.0  0.0  0.00  0.0 
281-01:14:50   12.5  1005.0    10.0  0.0  0.0  0.00  0.0 
281-01:15:00   12.5  1005.0    10.0  0.0  0.0  0.00  0.0 
281-01:21:00   12.5  1005.0     9.9  0.0  0.0  0.00  0.0 
281-01:29:50   12.6  1005.2    10.3  0.0  0.0  0.00  0.0 
281-01:30:00   12.6  1005.2    10.3  0.0  0.0  0.00  0.0 
281-01:36:00   12.6  1005.3    10.3  0.0  0.0  0.00  0.0 
281-01:44:50   12.6  1005.2    10.3  0.0  0.0  0.00  0.0 
281-01:45:00   12.6  1005.2    10.3  0.0  0.0  0.00  0.0 
281-01:51:00   12.5  1005.0    10.2  0.0  0.0  0.00  0.0 
281-01:59:50   12.5  1005.0    10.3  0.0  0.0  0.00  0.0 
281-02:00:00   12.4  1005.0    10.2  0.0  0.0  0.00  0.0 
281-02:06:00   12.4  1005.0    10.3  0.0  0.0  0.00  0.0 
281-02:14:50   12.3  1004.9    10.2  0.0  0.0  0.00  0.0 
281-02:15:00   12.3  1004.9    10.2  0.0  0.0  0.00  0.0 
281-02:21:00   12.3  1004.9    10.4  0.0  0.0  0.00  0.0 
281-02:29:50   12.2  1005.0    10.2  0.0  0.0  0.00  0.0 
281-02:30:00   12.2  1005.0    10.2  0.0  0.0  0.00  0.0 
281-02:36:00   12.4  1005.0    10.4  0.0  0.0  0.00  0.0 
281-02:44:50   12.2  1005.1     9.9  0.0  0.0  0.00  0.0 
281-02:45:00   12.2  1005.1     9.9  0.0  0.0  0.00  0.0 
281-02:51:00   12.3  1005.1     9.8  0.0  0.0  0.00  0.0 
281-02:59:50   12.3  1005.1     9.9  0.0  0.0  0.00  0.0 
281-03:00:00   12.3  1005.1    10.0  0.0  0.0  0.00  0.0 
281-03:06:00   12.3  1005.1    10.1  0.0  0.0  0.00  0.0 
281-03:14:50   12.1  1005.1     9.9  0.0  0.0  0.00  0.0 
281-03:15:00   12.1  1005.1     9.9  0.0  0.0  0.00  0.0 
281-03:21:00   12.1  1005.0    10.1  0.0  0.0  0.00  0.0 
281-03:29:50   12.1  1005.1    10.1  0.0  0.0  0.00  0.0 
281-03:30:00   12.2  1005.1    10.2  0.0  0.0  0.00  0.0 
281-03:36:00   12.2  1005.1    10.1  0.0  0.0  0.00  0.0 
281-03:44:50   12.2  1005.2    10.2  0.0  0.0  0.00  0.0 
281-03:45:00   12.2  1005.2    10.1  0.0  0.0  0.00  0.0 
281-03:51:00   12.1  1005.2     9.8  0.0  0.0  0.00  0.0 
281-03:59:50   12.1  1005.2     9.7  0.0  0.0  0.00  0.0 
281-04:00:00   12.1  1005.2     9.7  0.0  0.0  0.00  0.0 
281-04:06:00   12.1  1005.3     9.8  0.0  0.0  0.00  0.0 
281-04:14:50   11.9  1005.4     9.6  0.0  0.0  0.00  0.0 
281-04:15:00   11.9  1005.3     9.6  0.0  0.0  0.00  0.0 
281-04:21:00   12.0  1005.4    10.0  0.0  0.0  0.00  0.0 
281-04:29:50   11.9  1005.5     9.5  0.0  0.0  0.00  0.0 
281-04:30:00   11.9  1005.5     9.5  0.0  0.0  0.00  0.0 
281-04:35:00   12.0  1005.5     9.3  0.0  0.0  0.00  0.0 
281-04:44:51   11.9  1005.5     9.5  0.0  0.0  0.00  0.0 
281-04:45:01   11.9  1005.5     9.5  0.0  0.0  0.00  0.0 
281-04:52:21   11.8  1005.5     9.6  0.0  0.0  0.00  0.0 
281-04:59:51   11.8  1005.6     9.4  0.0  0.0  0.00  0.0 
281-05:00:01   11.8  1005.6     9.4  0.0  0.0  0.00  0.0 
281-05:07:21   11.9  1005.7     9.7  0.0  0.0  0.00  0.0 
281-05:14:51   11.8  1005.7     9.7  0.0  0.0  0.00  0.0 
281-05:15:01   11.8  1005.7     9.6  0.0  0.0  0.00  0.0 
281-05:22:21   11.7  1005.8     9.3  0.0  0.0  0.00  0.0 
281-05:29:51   11.8  1005.9     9.3  0.0  0.0  0.00  0.0 
281-05:30:01   11.8  1005.9     9.3  0.0  0.0  0.00  0.0 
281-05:37:21   11.8  1006.0     9.3  0.0  0.0  0.00  0.0 
281-05:44:51   11.8  1006.0     9.4  0.0  0.0  0.00  0.0 
281-05:45:01   11.8  1006.0     9.4  0.0  0.0  0.00  0.0 
281-05:52:21   11.7  1006.1     9.2  0.0  0.0  0.00  0.0 
281-05:59:51   11.7  1006.0     9.1  0.0  0.0  0.00  0.0 
281-06:00:01   11.7  1006.0     9.1  0.0  0.0  0.00  0.0 
281-06:07:21   11.8  1006.1     9.1  0.0  0.0  0.00  0.0 
281-06:14:51   11.9  1006.1     9.3  0.0  0.0  0.00  0.0 
281-06:15:01   12.0  1006.1     9.4  0.0  0.0  0.00  0.0 
281-06:21:01   11.8  1006.1     9.2  0.0  0.0  0.00  0.0 
281-06:29:51   11.8  1006.2     9.5  0.0  0.0  0.00  0.0 
281-06:30:01   11.9  1006.2     9.6  0.0  0.0  0.00  0.0 
281-06:36:01   12.0  1006.2     9.7  0.0  0.0  0.00  0.0 
281-06:44:51   12.0  1006.2     9.2  0.0  0.0  0.00  0.0 
281-06:45:01   12.0  1006.2     9.2  0.0  0.0  0.00  0.0 
281-06:51:01   12.2  1006.3     9.5  0.0  0.0  0.00  0.0 
281-06:59:51   12.3  1006.3     9.5  0.0  0.0  0.00  0.0 
281-07:00:01   12.3  1006.3     9.4  0.0  0.0  0.00  0.0 
281-07:06:01   12.3  1006.4     9.5  0.0  0.0  0.00  0.0 
281-07:14:50   12.4  1006.5     9.3  0.0  0.0  0.00  0.0 
281-07:15:01   12.4  1006.5     9.2  0.0  0.0  0.00  0.0 
281-07:21:00   12.4  1006.5     9.3  0.0  0.0  0.00  0.0 
281-07:29:50   12.6  1006.6     9.7  0.0  0.0  0.00  0.0 
281-07:30:00   12.6  1006.6     9.7  0.0  0.0  0.00  0.0 
281-07:36:00   12.8  1006.6     9.8  0.0  0.0  0.00  0.0 
281-07:44:50   12.9  1006.7     9.8  0.0  0.0  0.00  0.0 
281-07:45:00   12.9  1006.7     9.7  0.0  0.0  0.00  0.0 
281-07:51:00   12.9  1006.8     9.6  0.0  0.0  0.00  0.0 
281-08:14:51   13.0  1007.0     9.3  0.0  0.0  0.00  0.0 
281-08:15:01   13.0  1007.0     9.3  0.0  0.0  0.00  0.0 
281-08:22:21   13.1  1007.1     9.4  0.0  0.0  0.00  0.0 
281-08:29:51   13.3  1007.1     9.7  0.0  0.0  0.00  0.0 
281-08:30:01   13.3  1007.1     9.7  0.0  0.0  0.00  0.0 
281-08:37:21   13.7  1007.1     9.9  0.0  0.0  0.00  0.0 
281-08:44:51   12.4  1007.2     8.5  0.0  0.0  0.00  0.0 
281-08:45:01   12.3  1007.2     8.4  0.0  0.0  0.00  0.0 
281-08:52:21   11.8  1007.2     8.8  0.0  0.0  0.00  0.0 
281-08:59:51   11.4  1007.2     8.1  0.0  0.0  0.00  0.0 
281-09:00:01   11.3  1007.2     8.0  0.0  0.0  0.00  0.0 
281-09:07:21   11.3  1007.2     8.2  0.0  0.0  0.00  0.0 
281-09:14:51   11.4  1007.2     8.1  0.0  0.0  0.00  0.0 
281-09:15:01   11.4  1007.2     8.1  0.0  0.0  0.00  0.0 
281-09:22:21   12.8  1007.2     8.6  0.0  0.0  0.00  0.0 
281-09:29:51   13.1  1007.3     8.4  0.0  0.0  0.00  0.0 
281-09:30:01   13.0  1007.3     8.2  0.0  0.0  0.00  0.0 
281-09:37:21   12.9  1007.4     8.2  0.0  0.0  0.00  0.0 
281-09:44:51   12.7  1007.5     8.1  0.0  0.0  0.00  0.0 
281-09:45:01   12.8  1007.5     8.2  0.0  0.0  0.00  0.0 
281-09:52:21   12.7  1007.5     8.8  0.0  0.0  0.00  0.0 
281-09:59:51   12.9  1007.5     8.8  0.0  0.0  0.00  0.0 
281-10:00:01   12.9  1007.5     8.9  0.0  0.0  0.00  0.0 
281-10:07:21   13.1  1007.7     8.6  0.0  0.0  0.00  0.0 
281-10:14:51   12.9  1007.8     8.4  0.0  0.0  0.00  0.0 
281-10:15:01   12.9  1007.8     8.4  0.0  0.0  0.00  0.0 
281-10:22:21   13.1  1007.9     8.4  0.0  0.0  0.00  0.0 
281-10:29:51   13.0  1007.9     8.4  0.0  0.0  0.00  0.0 
281-10:30:01   12.9  1007.9     8.3  0.0  0.0  0.00  0.0 
281-10:37:21   13.4  1007.9     9.1  0.0  0.0  0.00  0.0 
281-10:44:51   13.3  1007.9     8.5  0.0  0.0  0.00  0.0 
281-10:45:01   13.3  1007.9     8.7  0.0  0.0  0.00  0.0 
281-10:52:21   13.2  1007.9     9.0  0.0  0.0  0.00  0.0 
281-10:59:51   13.5  1007.9     8.3  0.0  0.0  0.00  0.0 
281-11:00:01   13.6  1007.9     8.4  0.0  0.0  0.00  0.0 
281-11:07:21   13.4  1007.9     8.0  0.0  0.0  0.00  0.0 
281-11:14:51   13.6  1007.9     8.7  0.0  0.0  0.00  0.0 
281-11:15:01   13.6  1007.9     8.6  0.0  0.0  0.00  0.0 
281-11:22:21   12.5  1008.0     7.1  0.0  0.0  0.00  0.0 
281-11:29:51   12.8  1008.0     7.6  0.0  0.0  0.00  0.0 
281-11:30:01   12.8  1008.0     7.6  0.0  0.0  0.00  0.0 
281-11:37:21   12.7  1008.0     7.3  0.0  0.0  0.00  0.0 
281-11:44:51   12.5  1008.0     7.6  0.0  0.0  0.00  0.0 
281-11:45:01   12.5  1008.0     7.6  0.0  0.0  0.00  0.0 
281-11:52:21   13.0  1008.0     7.9  0.0  0.0  0.00  0.0 
281-11:59:51   13.2  1008.0     8.0  0.0  0.0  0.00  0.0 
281-12:00:01   13.3  1008.0     8.2  0.0  0.0  0.00  0.0 
281-12:07:21   13.5  1008.0     8.5  0.0  0.0  0.00  0.0 
281-12:14:51   13.4  1008.0     8.5  0.0  0.0  0.00  0.0 
281-12:15:01   13.5  1008.0     8.6  0.0  0.0  0.00  0.0 
281-12:22:21   13.5  1008.0     8.2  0.0  0.0  0.00  0.0 
281-12:29:51   13.8  1008.1     8.1  0.0  0.0  0.00  0.0 
281-12:30:01   13.6  1008.1     7.9  0.0  0.0  0.00  0.0 
281-12:37:21   13.9  1008.1     8.7  0.0  0.0  0.00  0.0 
281-12:44:51   13.7  1008.1     8.1  0.0  0.0  0.00  0.0 
281-12:45:01   13.7  1008.1     8.2  0.0  0.0  0.00  0.0 
281-12:52:21   13.9  1008.1     7.7  0.0  0.0  0.00  0.0 
281-12:59:51   12.0  1008.2     7.9  0.0  0.0  0.00  0.0 
281-13:00:01   12.1  1008.2     8.1  0.0  0.0  0.00  0.0 
281-13:07:21   13.1  1008.3     8.0  0.0  0.0  0.00  0.0 
281-13:14:51   13.4  1008.4     8.4  0.0  0.0  0.00  0.0 
281-13:15:01   13.4  1008.4     8.3  0.0  0.0  0.00  0.0 
281-13:22:21   13.4  1008.5     7.9  0.0  0.0  0.00  0.0 
281-13:29:51   13.5  1008.5     8.0  0.0  0.0  0.00  0.0 
281-13:30:01   13.5  1008.5     7.9  0.0  0.0  0.00  0.0 
281-13:37:21   13.9  1008.5     7.9  0.0  0.0  0.00  0.0 
281-13:44:51   13.7  1008.5     7.5  0.0  0.0  0.00  0.0 
281-13:45:01   13.7  1008.5     7.5  0.0  0.0  0.00  0.0 
281-13:52:21   13.6  1008.6     8.3  0.0  0.0  0.00  0.0 
281-13:59:51   13.1  1008.6     7.8  0.0  0.0  0.00  0.0 
281-14:00:01   13.0  1008.6     7.6  0.0  0.0  0.00  0.0 
281-14:07:21   13.2  1008.7     7.3  0.0  0.0  0.00  0.0 
281-14:14:51   13.5  1008.7     6.6  0.0  0.0  0.00  0.0 
281-14:15:01   13.4  1008.7     6.6  0.0  0.0  0.00  0.0 
281-14:22:21   12.9  1008.8     6.6  0.0  0.0  0.00  0.0 
281-14:29:51   13.2  1008.9     6.9  0.0  0.0  0.00  0.0 
281-14:30:01   13.2  1008.9     6.9  0.0  0.0  0.00  0.0 
281-14:37:21   13.1  1009.0     7.3  0.0  0.0  0.00  0.0 
281-14:44:51   12.9  1009.1     6.6  0.0  0.0  0.00  0.0 
281-14:45:01   12.9  1009.1     6.7  0.0  0.0  0.00  0.0 
281-14:52:21   12.7  1009.1     6.6  0.0  0.0  0.00  0.0 
 / 
