WEATHER Mh /
280-10:19:58   15.1  1006.0     8.6  0.0  0.0  0.00  0.0 
280-10:20:13   15.1  1006.0     8.6  0.0  0.0  0.00  0.0 
280-10:26:58   15.0  1006.0     8.3  0.0  0.0  0.00  0.0 
280-10:27:13   15.0  1006.0     8.3  0.0  0.0  0.00  0.0 
280-10:39:58   14.9  1006.0     8.7  0.0  0.0  0.00  0.0 
280-10:40:13   14.9  1006.0     8.7  0.0  0.0  0.00  0.0 
280-10:59:58   14.1  1005.9     8.6  0.0  0.0  0.00  0.0 
280-11:00:13   14.1  1005.9     8.6  0.0  0.0  0.00  0.0 
280-11:19:58   14.3  1005.9     9.0  0.0  0.0  0.00  0.0 
280-11:20:13   14.3  1005.9     9.0  0.0  0.0  0.00  0.0 
280-11:26:58   14.4  1005.9     9.0  0.0  0.0  0.00  0.0 
280-11:27:13   14.4  1005.9     9.0  0.0  0.0  0.00  0.0 
280-11:39:58   14.3  1005.9     8.8  0.0  0.0  0.00  0.0 
280-11:40:13   14.3  1005.9     8.8  0.0  0.0  0.00  0.0 
280-11:59:58   14.0  1005.9     9.4  0.0  0.0  0.00  0.0 
280-12:00:13   14.0  1005.9     9.4  0.0  0.0  0.00  0.0 
280-12:07:08   14.1  1005.9     9.5  0.0  0.0  0.00  0.0 
280-12:07:23   14.1  1005.9     9.5  0.0  0.0  0.00  0.0 
280-12:19:58   14.2  1005.9     9.4  0.0  0.0  0.00  0.0 
280-12:20:13   14.2  1005.9     9.4  0.0  0.0  0.00  0.0 
280-12:39:58   14.2  1005.9     9.2  0.0  0.0  0.00  0.0 
280-12:40:13   14.2  1005.9     9.2  0.0  0.0  0.00  0.0 
280-12:59:58   13.9  1005.8     9.5  0.0  0.0  0.00  0.0 
280-13:00:13   13.9  1005.8     9.5  0.0  0.0  0.00  0.0 
280-13:07:38   13.6  1005.7     9.4  0.0  0.0  0.00  0.0 
280-13:07:53   13.6  1005.7     9.4  0.0  0.0  0.00  0.0 
280-13:19:58   13.5  1005.5     9.7  0.0  0.0  0.00  0.0 
280-13:20:13   13.5  1005.6     9.7  0.0  0.0  0.00  0.0 
280-13:39:58   13.2  1005.5    10.0  0.0  0.0  0.00  0.0 
280-13:40:13   13.2  1005.5    10.0  0.0  0.0  0.00  0.0 
280-13:59:58   13.0  1005.3    10.3  0.0  0.0  0.00  0.0 
280-14:00:13   13.0  1005.3    10.3  0.0  0.0  0.00  0.0 
280-14:07:58   13.0  1005.3    10.5  0.0  0.0  0.00  0.0 
280-14:08:13   13.0  1005.3    10.5  0.0  0.0  0.00  0.0 
280-14:19:58   13.0  1005.2    10.5  0.0  0.0  0.00  0.0 
280-14:20:13   13.0  1005.2    10.5  0.0  0.0  0.00  0.0 
280-14:39:58   12.9  1005.2    10.7  0.0  0.0  0.00  0.0 
280-14:40:13   12.9  1005.2    10.7  0.0  0.0  0.00  0.0 
280-14:59:58   12.7  1005.1    10.7  0.0  0.0  0.00  0.0 
280-15:00:13   12.7  1005.1    10.7  0.0  0.0  0.00  0.0 
280-15:08:13   12.7  1005.0    10.7  0.0  0.0  0.00  0.0 
280-15:08:28   12.7  1004.9    10.6  0.0  0.0  0.00  0.0 
280-15:19:58   12.7  1004.9    10.7  0.0  0.0  0.00  0.0 
280-15:20:13   12.7  1004.9    10.7  0.0  0.0  0.00  0.0 
280-15:39:58   12.8  1004.8    10.7  0.0  0.0  0.00  0.0 
280-15:40:13   12.8  1004.8    10.7  0.0  0.0  0.00  0.0 
280-15:59:59   12.8  1004.8    10.8  0.0  0.0  0.00  0.0 
280-16:00:14   12.8  1004.8    10.8  0.0  0.0  0.00  0.0 
280-16:14:59   12.8  1004.7    10.7  0.0  0.0  0.00  0.0 
280-16:15:14   12.8  1004.7    10.7  0.0  0.0  0.00  0.0 
280-16:29:59   12.9  1004.7    10.7  0.0  0.0  0.00  0.0 
280-16:30:14   12.9  1004.7    10.6  0.0  0.0  0.00  0.0 
280-16:44:59   12.9  1004.5    10.6  0.0  0.0  0.00  0.0 
280-16:45:14   12.9  1004.5    10.7  0.0  0.0  0.00  0.0 
280-16:59:59   12.8  1004.5    10.7  0.0  0.0  0.00  0.0 
280-17:00:14   12.8  1004.5    10.6  0.0  0.0  0.00  0.0 
280-17:14:59   12.9  1004.5    10.7  0.0  0.0  0.00  0.0 
280-17:15:14   12.9  1004.5    10.7  0.0  0.0  0.00  0.0 
280-17:29:59   12.9  1004.3    10.6  0.0  0.0  0.00  0.0 
280-17:30:14   12.9  1004.3    10.6  0.0  0.0  0.00  0.0 
280-17:44:59   12.8  1004.3    10.6  0.0  0.0  0.00  0.0 
280-17:45:14   12.8  1004.3    10.6  0.0  0.0  0.00  0.0 
280-17:59:59   12.7  1004.3    10.5  0.0  0.0  0.00  0.0 
280-18:00:14   12.7  1004.3    10.5  0.0  0.0  0.00  0.0 
280-18:14:59   12.6  1004.3    10.5  0.0  0.0  0.00  0.0 
280-18:15:14   12.6  1004.3    10.5  0.0  0.0  0.00  0.0 
280-18:29:59   12.5  1004.3    10.4  0.0  0.0  0.00  0.0 
280-18:30:14   12.5  1004.3    10.4  0.0  0.0  0.00  0.0 
280-18:44:59   12.4  1004.0    10.3  0.0  0.0  0.00  0.0 
280-18:45:14   12.4  1004.0    10.3  0.0  0.0  0.00  0.0 
280-18:59:59   12.4  1004.0    10.2  0.0  0.0  0.00  0.0 
280-19:00:14   12.4  1004.0    10.2  0.0  0.0  0.00  0.0 
280-19:14:59   12.3  1003.8    10.1  0.0  0.0  0.00  0.0 
280-19:15:14   12.3  1003.8    10.1  0.0  0.0  0.00  0.0 
280-19:29:59   12.2  1003.7    10.0  0.0  0.0  0.00  0.0 
280-19:30:14   12.2  1003.7    10.0  0.0  0.0  0.00  0.0 
280-19:44:59   12.1  1003.7     9.9  0.0  0.0  0.00  0.0 
280-19:45:14   12.1  1003.7     9.9  0.0  0.0  0.00  0.0 
280-19:59:59   12.1  1003.5     9.9  0.0  0.0  0.00  0.0 
280-20:00:14   12.1  1003.5     9.9  0.0  0.0  0.00  0.0 
280-20:14:59   12.0  1003.5     9.8  0.0  0.0  0.00  0.0 
280-20:15:14   12.0  1003.5     9.8  0.0  0.0  0.00  0.0 
280-20:29:59   12.0  1003.4     9.9  0.0  0.0  0.00  0.0 
280-20:30:14   12.0  1003.4     9.9  0.0  0.0  0.00  0.0 
280-20:44:59   12.1  1003.3     9.9  0.0  0.0  0.00  0.0 
280-20:45:14   12.1  1003.3     9.9  0.0  0.0  0.00  0.0 
280-20:59:59   12.1  1003.1    10.0  0.0  0.0  0.00  0.0 
280-21:00:14   12.1  1003.1    10.0  0.0  0.0  0.00  0.0 
280-21:14:59   12.0  1002.9    10.0  0.0  0.0  0.00  0.0 
280-21:15:14   12.0  1002.7    10.0  0.0  0.0  0.00  0.0 
280-21:29:59   12.1  1002.8    10.0  0.0  0.0  0.00  0.0 
280-21:30:14   12.1  1002.8    10.1  0.0  0.0  0.00  0.0 
280-21:44:59   11.9  1002.8    10.1  0.0  0.0  0.00  0.0 
280-21:45:14   11.9  1002.8    10.1  0.0  0.0  0.00  0.0 
280-21:59:58   12.0  1002.6    10.1  0.0  0.0  0.00  0.0 
280-22:00:13   12.0  1002.6    10.1  0.0  0.0  0.00  0.0 
280-22:14:58   12.1  1002.4     9.9  0.0  0.0  0.00  0.0 
280-22:15:13   12.1  1002.4     9.9  0.0  0.0  0.00  0.0 
280-22:29:58   12.1  1002.4     9.8  0.0  0.0  0.00  0.0 
280-22:30:13   12.1  1002.4     9.8  0.0  0.0  0.00  0.0 
280-22:44:58   12.1  1002.2     9.9  0.0  0.0  0.00  0.0 
280-22:45:13   12.1  1002.2     9.9  0.0  0.0  0.00  0.0 
280-22:59:58   12.1  1002.1     9.8  0.0  0.0  0.00  0.0 
280-23:00:13   12.1  1002.1     9.8  0.0  0.0  0.00  0.0 
280-23:14:58   12.1  1001.9     9.8  0.0  0.0  0.00  0.0 
280-23:15:13   12.1  1001.9     9.8  0.0  0.0  0.00  0.0 
280-23:29:58   12.1  1001.8     9.8  0.0  0.0  0.00  0.0 
280-23:30:13   12.1  1001.8     9.8  0.0  0.0  0.00  0.0 
280-23:44:58   12.0  1001.4     9.6  0.0  0.0  0.00  0.0 
280-23:45:13   12.0  1001.4     9.6  0.0  0.0  0.00  0.0 
280-23:59:59   11.9  1001.4     9.5  0.0  0.0  0.00  0.0 
281-00:00:14   11.9  1001.4     9.5  0.0  0.0  0.00  0.0 
281-00:14:58   11.9  1001.3     9.6  0.0  0.0  0.00  0.0 
281-00:15:13   11.9  1001.3     9.6  0.0  0.0  0.00  0.0 
281-00:29:58   11.9  1001.0     9.7  0.0  0.0  0.00  0.0 
281-00:30:13   11.9  1001.0     9.7  0.0  0.0  0.00  0.0 
281-00:44:58   11.8  1000.9     9.6  0.0  0.0  0.00  0.0 
281-00:45:13   11.8  1000.9     9.6  0.0  0.0  0.00  0.0 
281-00:59:58   11.8  1000.8     9.6  0.0  0.0  0.00  0.0 
281-01:00:13   11.8  1000.8     9.6  0.0  0.0  0.00  0.0 
281-01:14:58   11.9  1000.4     9.6  0.0  0.0  0.00  0.0 
281-01:15:13   11.9  1000.4     9.6  0.0  0.0  0.00  0.0 
281-01:29:58   11.9  1000.3     9.6  0.0  0.0  0.00  0.0 
281-01:30:13   11.9  1000.3     9.6  0.0  0.0  0.00  0.0 
281-01:44:59   11.9   999.9     9.6  0.0  0.0  0.00  0.0 
281-01:45:14   11.9   999.9     9.6  0.0  0.0  0.00  0.0 
281-01:59:58   12.0   999.8     9.7  0.0  0.0  0.00  0.0 
281-02:00:13   12.0   999.8     9.7  0.0  0.0  0.00  0.0 
281-02:14:58   12.0   999.6     9.6  0.0  0.0  0.00  0.0 
281-02:15:13   12.1   999.5     9.7  0.0  0.0  0.00  0.0 
281-02:29:58   12.1   999.5     9.8  0.0  0.0  0.00  0.0 
281-02:30:13   12.1   999.5     9.8  0.0  0.0  0.00  0.0 
281-02:44:59   12.1   999.2     9.6  0.0  0.0  0.00  0.0 
281-02:45:14   12.1   999.2     9.6  0.0  0.0  0.00  0.0 
281-02:59:58   12.1   999.1     9.6  0.0  0.0  0.00  0.0 
281-03:00:13   12.1   999.1     9.6  0.0  0.0  0.00  0.0 
281-03:14:58   12.1   999.0     9.7  0.0  0.0  0.00  0.0 
281-03:15:13   12.1   999.0     9.7  0.0  0.0  0.00  0.0 
281-03:29:58   12.1   998.8     9.7  0.0  0.0  0.00  0.0 
281-03:30:13   12.1   998.8     9.7  0.0  0.0  0.00  0.0 
281-03:44:58   12.0   998.7     9.7  0.0  0.0  0.00  0.0 
281-03:45:13   12.0   998.7     9.7  0.0  0.0  0.00  0.0 
281-03:59:58   12.1   998.7     9.9  0.0  0.0  0.00  0.0 
281-04:00:13   12.1   998.7     9.9  0.0  0.0  0.00  0.0 
281-04:14:58   12.1   998.6     9.7  0.0  0.0  0.00  0.0 
281-04:15:13   12.1   998.6     9.7  0.0  0.0  0.00  0.0 
281-04:29:58   12.1   998.4     9.8  0.0  0.0  0.00  0.0 
281-04:30:13   12.1   998.4     9.8  0.0  0.0  0.00  0.0 
281-04:44:59   12.1   998.4     9.8  0.0  0.0  0.00  0.0 
281-04:45:16   12.1   998.4     9.8  0.0  0.0  0.00  0.0 
281-04:59:59   11.9   998.5    10.1  0.0  0.0  0.00  0.0 
281-05:00:14   11.9   998.5    10.1  0.0  0.0  0.00  0.0 
281-05:14:59   11.6   998.5    10.4  0.0  0.0  0.00  0.0 
281-05:15:14   11.6   998.5    10.4  0.0  0.0  0.00  0.0 
281-05:29:59   11.4   998.3    10.5  0.0  0.0  0.00  0.0 
281-05:30:14   11.4   998.3    10.5  0.0  0.0  0.00  0.0 
281-05:44:59   11.3   998.4    10.9  0.0  0.0  0.00  0.0 
281-05:45:14   11.3   998.4    10.9  0.0  0.0  0.00  0.0 
281-06:14:59   11.5   998.1    10.6  0.0  0.0  0.00  0.0 
281-06:15:14   11.5   998.1    10.7  0.0  0.0  0.00  0.0 
281-06:29:59   11.6   998.0    10.5  0.0  0.0  0.00  0.0 
281-06:30:14   11.6   998.0    10.5  0.0  0.0  0.00  0.0 
281-06:44:59   11.7   997.7    10.4  0.0  0.0  0.00  0.0 
281-06:45:14   11.7   997.7    10.4  0.0  0.0  0.00  0.0 
281-08:14:59   12.2   997.0    10.2  0.0  0.0  0.00  0.0 
281-08:15:14   12.2   997.0    10.2  0.0  0.0  0.00  0.0 
281-08:29:59   12.3   997.0    10.4  0.0  0.0  0.00  0.0 
281-08:30:14   12.3   997.0    10.4  0.0  0.0  0.00  0.0 
281-08:44:59   12.4   996.9    10.3  0.0  0.0  0.00  0.0 
281-08:45:14   12.4   996.9    10.3  0.0  0.0  0.00  0.0 
281-08:59:59   12.3   996.8    10.3  0.0  0.0  0.00  0.0 
281-09:00:14   12.3   996.8    10.3  0.0  0.0  0.00  0.0 
281-09:14:59   12.4   996.8    10.4  0.0  0.0  0.00  0.0 
281-09:15:14   12.4   996.8    10.4  0.0  0.0  0.00  0.0 
281-09:29:59   12.5   996.8    10.9  0.0  0.0  0.00  0.0 
281-09:30:14   12.5   996.8    10.9  0.0  0.0  0.00  0.0 
281-09:44:59   11.9   996.9    11.5  0.0  0.0  0.00  0.0 
281-09:45:14   11.9   996.9    11.5  0.0  0.0  0.00  0.0 
281-09:59:59   11.4   997.3    11.0  0.0  0.0  0.00  0.0 
281-10:00:14   11.4   997.3    11.0  0.0  0.0  0.00  0.0 
281-10:14:59   11.2   997.2    11.0  0.0  0.0  0.00  0.0 
281-10:15:14   11.2   997.3    11.0  0.0  0.0  0.00  0.0 
281-10:29:59   11.1   997.2    10.9  0.0  0.0  0.00  0.0 
281-10:30:14   11.1   997.2    11.0  0.0  0.0  0.00  0.0 
281-10:44:59   11.2   997.1    11.0  0.0  0.0  0.00  0.0 
281-10:45:14   11.2   997.1    11.1  0.0  0.0  0.00  0.0 
281-10:59:59   11.6   997.1    11.3  0.0  0.0  0.00  0.0 
281-11:00:14   11.6   997.1    11.3  0.0  0.0  0.00  0.0 
281-11:14:59   11.5   997.0    11.0  0.0  0.0  0.00  0.0 
281-11:15:14   11.5   997.0    11.0  0.0  0.0  0.00  0.0 
281-11:30:00   11.5   997.0    11.0  0.0  0.0  0.00  0.0 
281-11:30:15   11.5   997.0    11.0  0.0  0.0  0.00  0.0 
281-11:44:59   11.6   997.1    11.1  0.0  0.0  0.00  0.0 
281-11:45:14   11.6   997.1    11.1  0.0  0.0  0.00  0.0 
281-11:59:59   11.6   997.0    11.0  0.0  0.0  0.00  0.0 
281-12:00:14   11.6   997.0    11.0  0.0  0.0  0.00  0.0 
281-12:14:59   11.8   996.9    10.8  0.0  0.0  0.00  0.0 
281-12:15:14   11.8   996.9    10.8  0.0  0.0  0.00  0.0 
281-12:29:59   11.9   997.1    11.0  0.0  0.0  0.00  0.0 
281-12:30:14   11.9   997.1    11.0  0.0  0.0  0.00  0.0 
281-12:44:59   12.2   997.0    10.9  0.0  0.0  0.00  0.0 
281-12:45:14   12.2   997.0    10.9  0.0  0.0  0.00  0.0 
281-12:59:59   12.1   997.0    10.4  0.0  0.0  0.00  0.0 
281-13:00:14   12.1   997.0    10.4  0.0  0.0  0.00  0.0 
281-13:14:59   12.1   997.1    10.4  0.0  0.0  0.00  0.0 
281-13:15:14   12.1   997.1    10.4  0.0  0.0  0.00  0.0 
281-13:29:59   11.9   997.1    10.3  0.0  0.0  0.00  0.0 
281-13:30:14   11.9   997.1    10.3  0.0  0.0  0.00  0.0 
281-13:44:59   11.8   997.2    10.0  0.0  0.0  0.00  0.0 
281-13:45:14   11.8   997.2    10.0  0.0  0.0  0.00  0.0 
281-13:59:59   11.6   997.2     9.3  0.0  0.0  0.00  0.0 
281-14:00:14   11.6   997.2     9.3  0.0  0.0  0.00  0.0 
281-14:15:00   11.4   997.3     9.1  0.0  0.0  0.00  0.0 
281-14:15:15   11.4   997.3     9.1  0.0  0.0  0.00  0.0 
281-14:30:00   11.2   997.3     8.9  0.0  0.0  0.00  0.0 
281-14:30:15   11.2   997.3     8.9  0.0  0.0  0.00  0.0 
281-14:44:59   10.6   997.4     8.4  0.0  0.0  0.00  0.0 
281-14:45:14   10.6   997.4     8.4  0.0  0.0  0.00  0.0 
 / 
