WEATHER EF /
280-10:20:00   13.5   987.5     7.3  0.0  0.0  0.00  0.0 
280-10:32:01   13.6   987.5     7.1  0.0  0.0  0.00  0.0 
280-10:40:00   13.6   987.0     6.8  0.0  0.0  0.00  0.0 
280-11:00:00   13.5   987.1     6.0  0.0  0.0  0.00  0.0 
280-11:20:00   14.0   986.6     6.2  0.0  0.0  0.00  0.0 
280-11:27:00   13.9   986.6     6.2  0.0  0.0  0.00  0.0 
280-11:40:00   13.9   986.6     6.0  0.0  0.0  0.00  0.0 
280-12:00:00   14.3   986.2     6.1  0.0  0.0  0.00  0.0 
280-12:07:10   14.3   985.7     5.6  0.0  0.0  0.00  0.0 
280-12:20:00   14.4   985.7     5.5  0.0  0.0  0.00  0.0 
280-12:40:00   14.7   985.3     6.3  0.0  0.0  0.00  0.0 
280-13:00:00   14.8   984.8     5.6  0.0  0.0  0.00  0.0 
280-13:07:40   14.8   984.8     5.5  0.0  0.0  0.00  0.0 
280-13:20:00   15.7   984.8     6.2  0.0  0.0  0.00  0.0 
280-13:40:00   15.4   984.3     3.5  0.0  0.0  0.00  0.0 
280-14:00:00   15.7   984.3     4.0  0.0  0.0  0.00  0.0 
280-14:08:00   15.9   984.3     4.6  0.0  0.0  0.00  0.0 
280-14:20:00   15.8   984.3     4.7  0.0  0.0  0.00  0.0 
280-14:40:00   15.9   983.4     5.0  0.0  0.0  0.00  0.0 
280-15:08:15   15.6   983.0     5.6  0.0  0.0  0.00  0.0 
280-15:20:00   15.5   982.9     5.8  0.0  0.0  0.00  0.0 
280-15:40:00   15.1   982.9     6.0  0.0  0.0  0.00  0.0 
280-16:00:01   14.7   982.9     5.8  0.0  0.0  0.00  0.0 
280-16:15:01   13.9   982.9     5.2  0.0  0.0  0.00  0.0 
280-16:30:01   13.3   982.9     5.2  0.0  0.0  0.00  0.0 
280-16:45:01   12.8   982.9     5.0  0.0  0.0  0.00  0.0 
280-17:00:01   12.3   982.5     4.9  0.0  0.0  0.00  0.0 
280-17:15:01   11.9   982.5     4.8  0.0  0.0  0.00  0.0 
280-17:30:01   11.6   982.5     4.9  0.0  0.0  0.00  0.0 
280-17:45:01   11.4   982.5     5.2  0.0  0.0  0.00  0.0 
280-18:00:01   11.4   982.5     5.5  0.0  0.0  0.00  0.0 
280-18:15:01   11.3   982.5     6.0  0.0  0.0  0.00  0.0 
280-18:30:01   11.0   982.5     6.2  0.0  0.0  0.00  0.0 
280-18:45:01   10.8   982.5     6.5  0.0  0.0  0.00  0.0 
280-19:00:01   10.4   982.0     6.5  0.0  0.0  0.00  0.0 
280-19:15:01    9.7   982.5     7.1  0.0  0.0  0.00  0.0 
280-19:30:01    9.4   982.4     7.6  0.0  0.0  0.00  0.0 
280-19:45:01    9.2   982.5     8.0  0.0  0.0  0.00  0.0 
280-20:06:54    9.4   982.4     8.3  0.0  0.0  0.00  0.0 
280-20:15:01    9.4   982.4     8.2  0.0  0.0  0.00  0.0 
280-20:30:01    8.6   982.4     7.8  0.0  0.0  0.00  0.0 
280-20:45:01    8.2   982.4     7.5  0.0  0.0  0.00  0.0 
280-21:00:01    7.6   982.0     7.0  0.0  0.0  0.00  0.0 
280-21:15:01    7.0   982.0     6.5  0.0  0.0  0.00  0.0 
280-21:30:01    6.9   982.0     6.5  0.0  0.0  0.00  0.0 
280-21:45:01    6.8   981.9     6.3  0.0  0.0  0.00  0.0 
280-22:00:00    6.6   981.9     6.1  0.0  0.0  0.00  0.0 
280-22:15:00    6.2   981.9     5.8  0.0  0.0  0.00  0.0 
280-22:30:00    6.4   982.1     6.0  0.0  0.0  0.00  0.0 
280-22:45:00    6.5   982.0     6.1  0.0  0.0  0.00  0.0 
280-23:00:00    6.4   981.5     6.0  0.0  0.0  0.00  0.0 
280-23:15:00    6.2   981.5     5.8  0.0  0.0  0.00  0.0 
280-23:30:00    6.3   981.5     5.9  0.0  0.0  0.00  0.0 
280-23:45:00    6.7   981.5     6.3  0.0  0.0  0.00  0.0 
281-00:00:01    6.9   981.0     6.4  0.0  0.0  0.00  0.0 
281-00:15:00    7.2   981.0     6.6  0.0  0.0  0.00  0.0 
281-00:30:00    7.2   981.0     6.5  0.0  0.0  0.00  0.0 
281-00:45:00    7.1   981.1     6.5  0.0  0.0  0.00  0.0 
281-01:00:00    7.1   981.1     6.4  0.0  0.0  0.00  0.0 
281-01:15:00    6.8   981.1     6.2  0.0  0.0  0.00  0.0 
281-01:30:00    6.6   981.1     6.0  0.0  0.0  0.00  0.0 
281-01:45:00    6.6   981.0     6.0  0.0  0.0  0.00  0.0 
281-02:00:00    6.6   980.6     6.0  0.0  0.0  0.00  0.0 
281-02:15:00    6.4   980.6     5.8  0.0  0.0  0.00  0.0 
281-02:30:00    6.1   980.6     5.6  0.0  0.0  0.00  0.0 
281-02:45:00    5.8   980.6     5.3  0.0  0.0  0.00  0.0 
281-03:00:00    5.8   980.6     5.3  0.0  0.0  0.00  0.0 
281-03:15:00    5.8   980.6     5.3  0.0  0.0  0.00  0.0 
281-03:30:00    5.7   980.6     5.2  0.0  0.0  0.00  0.0 
281-03:45:00    5.6   980.6     5.1  0.0  0.0  0.00  0.0 
281-04:00:00    5.7   980.6     5.2  0.0  0.0  0.00  0.0 
281-04:15:00    5.7   980.6     5.2  0.0  0.0  0.00  0.0 
281-04:30:00    5.8   980.6     5.4  0.0  0.0  0.00  0.0 
281-04:45:01    6.1   981.0     5.6  0.0  0.0  0.00  0.0 
281-05:00:01    5.8   981.0     5.3  0.0  0.0  0.00  0.0 
281-05:15:01    5.5   981.1     5.1  0.0  0.0  0.00  0.0 
281-05:30:01    6.1   981.0     5.7  0.0  0.0  0.00  0.0 
281-05:45:01    5.9   981.0     5.5  0.0  0.0  0.00  0.0 
281-06:00:01    5.7   981.0     5.3  0.0  0.0  0.00  0.0 
281-06:15:01    5.7   981.5     5.3  0.0  0.0  0.00  0.0 
281-06:30:01    6.0   981.5     5.7  0.0  0.0  0.00  0.0 
281-06:45:01    6.5   982.0     6.2  0.0  0.0  0.00  0.0 
281-07:00:01    7.5   981.9     7.2  0.0  0.0  0.00  0.0 
281-07:15:00    9.1   981.9     8.7  0.0  0.0  0.00  0.0 
281-07:30:00    9.5   982.0     9.0  0.0  0.0  0.00  0.0 
281-07:45:00    9.8   981.9     9.2  0.0  0.0  0.00  0.0 
281-08:15:01   10.3   982.9     9.6  0.0  0.0  0.00  0.0 
281-08:30:01   10.5   982.9     9.7  0.0  0.0  0.00  0.0 
281-08:45:01   10.8   983.3    10.0  0.0  0.0  0.00  0.0 
281-09:00:01   10.7   983.3     9.9  0.0  0.0  0.00  0.0 
281-09:15:01   10.0   980.0     0.1  0.0  0.0  0.00  0.0 
281-09:30:01   11.0   983.8     9.1  0.0  0.0  0.00  0.0 
281-09:45:01   11.2   983.8     8.4  0.0  0.0  0.00  0.0 
281-10:00:01   11.1   984.3     7.2  0.0  0.0  0.00  0.0 
281-10:15:01   11.3   984.3     7.0  0.0  0.0  0.00  0.0 
281-10:30:01   11.3   984.7     5.7  0.0  0.0  0.00  0.0 
281-10:45:01   11.2   984.7     5.3  0.0  0.0  0.00  0.0 
281-11:00:01   12.0   984.8     4.9  0.0  0.0  0.00  0.0 
281-11:15:01   13.0   984.7     5.2  0.0  0.0  0.00  0.0 
281-11:30:01   12.6   984.8     5.0  0.0  0.0  0.00  0.0 
281-11:45:01   13.3   984.8     4.7  0.0  0.0  0.00  0.0 
281-12:00:01   13.0   984.7     3.7  0.0  0.0  0.00  0.0 
281-12:15:01   13.2   984.8     4.3  0.0  0.0  0.00  0.0 
281-12:30:01   12.5   984.8     4.0  0.0  0.0  0.00  0.0 
281-12:45:01   12.9   984.7     3.2  0.0  0.0  0.00  0.0 
281-13:00:01   12.9   984.8     3.0  0.0  0.0  0.00  0.0 
281-13:15:01   12.9   984.8     3.5  0.0  0.0  0.00  0.0 
281-13:30:01   13.4   984.7     2.1  0.0  0.0  0.00  0.0 
281-13:45:01   13.3   985.2     1.3  0.0  0.0  0.00  0.0 
281-14:00:01   12.3   985.3     2.3  0.0  0.0  0.00  0.0 
281-14:15:01   12.5   985.2     2.2  0.0  0.0  0.00  0.0 
281-14:37:00   13.0   985.2     1.8  0.0  0.0  0.00  0.0 
281-14:45:01   13.1   985.3     1.9  0.0  0.0  0.00  0.0 
 / 
