WEATHER KT /
280-10:14:29   14.4   971.6     6.4  0.0  0.0  0.00  0.0 
280-10:24:55   14.3   971.8     7.1  0.0  0.0  0.00  0.0 
280-10:35:46   14.6   971.8     7.1  0.0  0.0  0.00  0.0 
280-10:51:07   14.7   972.0     8.1  0.0  0.0  0.00  0.0 
280-11:11:13   14.4   972.4     8.7  0.0  0.0  0.00  0.0 
280-11:24:52   14.6   972.4     9.6  0.0  0.0  0.00  0.0 
280-11:38:06   14.5   972.5     8.9  0.0  0.0  0.00  0.0 
280-11:51:12   14.4   972.7     8.6  0.0  0.0  0.00  0.0 
280-12:04:51   14.5   972.9     8.5  0.0  0.0  0.00  0.0 
280-12:18:15   14.5   973.4     8.6  0.0  0.0  0.00  0.0 
280-12:31:44   14.5   973.4     8.4  0.0  0.0  0.00  0.0 
280-12:51:12   14.6   973.5     9.1  0.0  0.0  0.00  0.0 
280-13:04:48   14.4   973.3     9.1  0.0  0.0  0.00  0.0 
280-13:18:43   14.3   973.5     9.3  0.0  0.0  0.00  0.0 
280-13:30:17   14.3   973.6     9.2  0.0  0.0  0.00  0.0 
280-13:50:24   14.4   973.3     8.4  0.0  0.0  0.00  0.0 
280-14:06:05   14.4   973.3     8.0  0.0  0.0  0.00  0.0 
280-14:17:56   14.4   973.2     8.1  0.0  0.0  0.00  0.0 
280-14:30:19   14.5   973.2     8.1  0.0  0.0  0.00  0.0 
280-14:51:53   14.8   973.0     8.5  0.0  0.0  0.00  0.0 
280-15:15:52   15.1   973.0     9.7  0.0  0.0  0.00  0.0 
280-15:31:04   14.3   973.0    10.3  0.0  0.0  0.00  0.0 
280-15:51:12   14.2   972.7    10.8  0.0  0.0  0.00  0.0 
280-16:10:57   14.1   972.8    11.0  0.0  0.0  0.00  0.0 
280-16:25:59   14.3   972.9    10.9  0.0  0.0  0.00  0.0 
280-16:41:01   13.9   972.8    10.7  0.0  0.0  0.00  0.0 
280-16:56:09   13.6   972.9    10.6  0.0  0.0  0.00  0.0 
280-17:11:10   13.4   972.9    10.4  0.0  0.0  0.00  0.0 
280-17:26:01   14.1   973.1    10.5  0.0  0.0  0.00  0.0 
280-17:40:59   14.3   973.2    10.2  0.0  0.0  0.00  0.0 
280-17:56:16   14.4   973.1    10.2  0.0  0.0  0.00  0.0 
280-18:11:09   14.5   973.1    10.3  0.0  0.0  0.00  0.0 
280-18:25:59   14.7   973.1    10.2  0.0  0.0  0.00  0.0 
280-18:40:58   14.3   972.9    10.4  0.0  0.0  0.00  0.0 
280-18:58:41   14.9   973.0    10.9  0.0  0.0  0.00  0.0 
280-19:22:59   15.4   973.2    11.2  0.0  0.0  0.00  0.0 
280-19:37:59   15.6   973.0    11.3  0.0  0.0  0.00  0.0 
280-20:04:47   15.3   973.1    11.7  0.0  0.0  0.00  0.0 
280-20:31:00   15.1   973.3    12.2  0.0  0.0  0.00  0.0 
280-20:50:58   15.4   973.3    12.3  0.0  0.0  0.00  0.0 
280-21:11:00   15.4   973.5    12.3  0.0  0.0  0.00  0.0 
280-21:30:59   15.3   973.3    12.1  0.0  0.0  0.00  0.0 
280-21:51:01   15.4   973.7    12.5  0.0  0.0  0.00  0.0 
280-22:11:01   14.7   973.5    12.9  0.0  0.0  0.00  0.0 
280-22:30:58   15.0   974.1    13.5  0.0  0.0  0.00  0.0 
280-22:51:02   14.8   974.0    13.7  0.0  0.0  0.00  0.0 
280-23:11:06   14.9   974.1    14.1  0.0  0.0  0.00  0.0 
280-23:31:02   14.9   974.0    14.2  0.0  0.0  0.00  0.0 
281-05:25:42   18.9   972.2    14.9  0.0  0.0  0.00  0.0 
281-05:39:39   18.6   972.0    14.5  0.0  0.0  0.00  0.0 
281-05:54:38   18.9   972.1    14.7  0.0  0.0  0.00  0.0 
281-06:09:38   18.5   972.2    14.2  0.0  0.0  0.00  0.0 
281-06:24:37   18.0   972.0    14.3  0.0  0.0  0.00  0.0 
281-06:39:36   18.1   972.1    14.0  0.0  0.0  0.00  0.0 
281-06:56:00   18.5   971.8    13.9  0.0  0.0  0.00  0.0 
281-07:10:59   18.4   971.7    13.8  0.0  0.0  0.00  0.0 
281-07:26:00   18.2   971.9    13.9  0.0  0.0  0.00  0.0 
281-07:40:59   18.1   972.0    13.8  0.0  0.0  0.00  0.0 
281-07:56:14   18.1   971.9    13.7  0.0  0.0  0.00  0.0 
281-08:11:47   17.6   972.0    13.4  0.0  0.0  0.00  0.0 
281-08:26:00   17.6   972.0    13.3  0.0  0.0  0.00  0.0 
281-08:41:00   17.4   972.0    13.2  0.0  0.0  0.00  0.0 
281-08:56:02   17.2   971.9    12.9  0.0  0.0  0.00  0.0 
281-09:11:06   17.1   971.7    13.1  0.0  0.0  0.00  0.0 
281-09:26:07   17.1   971.7    13.1  0.0  0.0  0.00  0.0 
281-09:41:05   17.1   971.8    13.0  0.0  0.0  0.00  0.0 
281-09:56:05   17.2   972.1    12.9  0.0  0.0  0.00  0.0 
281-10:11:04   17.2   972.2    12.8  0.0  0.0  0.00  0.0 
281-10:26:02   17.3   972.7    12.9  0.0  0.0  0.00  0.0 
281-10:41:02   17.3   972.9    12.8  0.0  0.0  0.00  0.0 
281-10:56:03   17.3   972.7    12.6  0.0  0.0  0.00  0.0 
281-11:11:05   17.3   972.9    12.6  0.0  0.0  0.00  0.0 
281-11:26:00   17.5   973.0    12.5  0.0  0.0  0.00  0.0 
281-11:40:59   17.5   973.0    12.1  0.0  0.0  0.00  0.0 
281-11:56:05   17.4   973.0    12.0  0.0  0.0  0.00  0.0 
281-12:11:03   17.4   973.1    12.1  0.0  0.0  0.00  0.0 
281-12:26:02   17.5   973.1    12.4  0.0  0.0  0.00  0.0 
281-12:41:07   17.5   972.9    12.4  0.0  0.0  0.00  0.0 
281-12:56:04   17.6   973.2    12.8  0.0  0.0  0.00  0.0 
281-13:11:04   17.6   973.1    12.6  0.0  0.0  0.00  0.0 
281-13:26:05   17.7   973.1    12.8  0.0  0.0  0.00  0.0 
281-13:41:03   17.7   973.0    13.0  0.0  0.0  0.00  0.0 
281-13:53:00   17.7   973.1    13.0  0.0  0.0  0.00  0.0 
281-14:11:57   17.7   972.9    12.9  0.0  0.0  0.00  0.0 
281-14:21:41   17.9   972.9    12.9  0.0  0.0  0.00  0.0 
 / 
