WEATHER KY /
280-10:11:06   14.6  1010.8     4.7  0.0  0.0  0.00  0.0 
280-10:24:55   14.5  1011.1     4.4  0.0  0.0  0.00  0.0 
280-10:35:51   14.6  1011.3     4.6  0.0  0.0  0.00  0.0 
280-10:51:12   14.6  1011.6     4.3  0.0  0.0  0.00  0.0 
280-11:11:22   14.2  1011.8     4.8  0.0  0.0  0.00  0.0 
280-11:24:51   14.0  1011.9     5.5  0.0  0.0  0.00  0.0 
280-11:38:09   13.7  1012.0     5.8  0.0  0.0  0.00  0.0 
280-11:51:16   13.7  1012.3     5.5  0.0  0.0  0.00  0.0 
280-12:04:48   13.3  1012.4     5.6  0.0  0.0  0.00  0.0 
280-12:18:20   13.0  1012.6     5.8  0.0  0.0  0.00  0.0 
280-12:31:48   12.7  1012.7     6.0  0.0  0.0  0.00  0.0 
280-12:51:22   13.1  1012.6     5.7  0.0  0.0  0.00  0.0 
280-13:04:47   12.9  1012.6     5.7  0.0  0.0  0.00  0.0 
280-13:18:48   13.2  1012.8     5.9  0.0  0.0  0.00  0.0 
280-13:30:19   13.8  1012.9     6.4  0.0  0.0  0.00  0.0 
280-13:50:31   13.6  1012.9     6.5  0.0  0.0  0.00  0.0 
280-14:06:12   13.5  1013.0     7.1  0.0  0.0  0.00  0.0 
280-14:18:05   13.4  1013.2     7.4  0.0  0.0  0.00  0.0 
280-14:30:22   13.2  1013.2     7.4  0.0  0.0  0.00  0.0 
280-14:52:05   13.3  1013.1     6.9  0.0  0.0  0.00  0.0 
280-15:10:56   13.1  1013.2     7.6  0.0  0.0  0.00  0.0 
280-15:15:50   13.1  1013.2     7.8  0.0  0.0  0.00  0.0 
280-15:31:09   13.2  1013.2     8.3  0.0  0.0  0.00  0.0 
280-15:51:23   13.1  1013.3     8.2  0.0  0.0  0.00  0.0 
280-16:11:09   13.0  1013.5     8.3  0.0  0.0  0.00  0.0 
280-16:26:12   12.9  1013.5     8.4  0.0  0.0  0.00  0.0 
280-16:41:10   12.8  1013.5     8.5  0.0  0.0  0.00  0.0 
280-16:56:22   12.8  1013.4     8.5  0.0  0.0  0.00  0.0 
280-17:11:24   12.8  1013.4     8.6  0.0  0.0  0.00  0.0 
280-17:26:12   12.8  1013.4     8.6  0.0  0.0  0.00  0.0 
280-17:41:13   12.8  1013.5     8.5  0.0  0.0  0.00  0.0 
280-17:56:22   12.7  1013.5     8.5  0.0  0.0  0.00  0.0 
280-18:11:24   12.6  1013.4     8.5  0.0  0.0  0.00  0.0 
280-18:26:11   12.6  1013.5     8.6  0.0  0.0  0.00  0.0 
280-18:41:09   12.6  1013.4     8.5  0.0  0.0  0.00  0.0 
280-18:58:46   12.6  1013.4     8.5  0.0  0.0  0.00  0.0 
280-19:22:57   12.5  1013.5     8.4  0.0  0.0  0.00  0.0 
280-19:37:57   12.5  1013.5     8.5  0.0  0.0  0.00  0.0 
280-20:04:48   12.3  1013.6     8.5  0.0  0.0  0.00  0.0 
280-20:31:07   12.2  1013.8     8.4  0.0  0.0  0.00  0.0 
280-20:51:06   12.1  1014.0     8.3  0.0  0.0  0.00  0.0 
280-21:11:03   12.1  1014.3     8.4  0.0  0.0  0.00  0.0 
280-21:31:03   12.1  1014.3     8.4  0.0  0.0  0.00  0.0 
280-21:51:08   12.1  1014.3     8.3  0.0  0.0  0.00  0.0 
280-22:11:15   12.3  1014.4     8.5  0.0  0.0  0.00  0.0 
280-22:31:15   12.8  1014.5     8.6  0.0  0.0  0.00  0.0 
280-22:51:14   13.3  1014.7     9.0  0.0  0.0  0.00  0.0 
280-23:11:10   13.5  1014.9     8.7  0.0  0.0  0.00  0.0 
280-23:31:13   13.8  1015.0     8.6  0.0  0.0  0.00  0.0 
281-05:30:16   19.2  1012.6     8.5  0.0  0.0  0.00  0.0 
281-05:39:46   19.9  1012.5     8.1  0.0  0.0  0.00  0.0 
281-05:54:51   19.2  1012.4     7.8  0.0  0.0  0.00  0.0 
281-06:09:49   19.0  1012.3     8.1  0.0  0.0  0.00  0.0 
281-06:24:49   20.5  1012.2     9.1  0.0  0.0  0.00  0.0 
281-06:36:16   19.8  1012.1     9.4  0.0  0.0  0.00  0.0 
281-06:49:39   20.8  1012.1     9.7  0.0  0.0  0.00  0.0 
281-06:56:26   20.0  1012.0     8.7  0.0  0.0  0.00  0.0 
281-07:11:32   19.7  1011.9     9.1  0.0  0.0  0.00  0.0 
281-07:26:31   19.2  1011.8     8.8  0.0  0.0  0.00  0.0 
281-07:41:32   18.2  1011.8     8.5  0.0  0.0  0.00  0.0 
281-07:56:45   18.3  1011.5     8.6  0.0  0.0  0.00  0.0 
281-08:12:40   18.4  1011.6     8.9  0.0  0.0  0.00  0.0 
281-08:26:47   18.4  1011.2     8.9  0.0  0.0  0.00  0.0 
281-08:41:42   18.0  1011.2     8.5  0.0  0.0  0.00  0.0 
281-08:56:36   17.9  1011.2     8.8  0.0  0.0  0.00  0.0 
281-09:11:34   17.7  1011.1     8.9  0.0  0.0  0.00  0.0 
281-09:26:33   17.6  1011.3     8.9  0.0  0.0  0.00  0.0 
281-09:41:33   17.6  1011.8     8.9  0.0  0.0  0.00  0.0 
281-09:56:33   17.4  1012.2     8.6  0.0  0.0  0.00  0.0 
281-10:11:37   17.0  1012.8     8.8  0.0  0.0  0.00  0.0 
281-10:26:32   16.8  1012.8     9.0  0.0  0.0  0.00  0.0 
281-10:41:33   16.8  1012.5     9.2  0.0  0.0  0.00  0.0 
281-10:56:31   16.8  1012.6     9.2  0.0  0.0  0.00  0.0 
281-11:11:34   16.6  1012.8     9.2  0.0  0.0  0.00  0.0 
281-11:26:35   16.5  1012.8     9.3  0.0  0.0  0.00  0.0 
281-11:41:34   16.2  1012.9     9.4  0.0  0.0  0.00  0.0 
281-11:56:31   16.2  1012.9     9.4  0.0  0.0  0.00  0.0 
281-12:11:31   16.4  1013.0     9.4  0.0  0.0  0.00  0.0 
281-12:26:32   16.3  1013.1     9.4  0.0  0.0  0.00  0.0 
281-12:41:30   16.1  1013.1     9.6  0.0  0.0  0.00  0.0 
281-12:56:29   15.7  1013.2     9.8  0.0  0.0  0.00  0.0 
281-13:11:36   15.4  1013.2     9.8  0.0  0.0  0.00  0.0 
281-13:26:35   15.3  1013.2     9.8  0.0  0.0  0.00  0.0 
281-13:41:34   15.2  1013.1     9.8  0.0  0.0  0.00  0.0 
281-13:52:58   15.1  1013.3     9.8  0.0  0.0  0.00  0.0 
281-14:12:43   15.0  1013.4    10.0  0.0  0.0  0.00  0.0 
281-14:21:41   14.9  1013.3     9.9  0.0  0.0  0.00  0.0 
 / 
