WEATHER Ys /
280-10:20:17   19.1   918.4    10.1  0.0  0.0  0.00  0.0 
280-10:27:17   19.0   918.4    10.0  0.0  0.0  0.00  0.0 
280-10:40:17   19.2   918.3     9.9  0.0  0.0  0.00  0.0 
280-11:00:17   21.2   918.1     9.7  0.0  0.0  0.00  0.0 
280-11:20:18   20.5   917.9     9.7  0.0  0.0  0.00  0.0 
280-11:27:17   21.0   917.7     9.9  0.0  0.0  0.00  0.0 
280-11:40:17   20.1   917.7     9.3  0.0  0.0  0.00  0.0 
280-12:00:17   20.4   917.4     8.7  0.0  0.0  0.00  0.0 
280-12:07:27   20.4   917.3     9.0  0.0  0.0  0.00  0.0 
280-12:20:17   21.9   917.1     8.4  0.0  0.0  0.00  0.0 
280-12:40:17   21.6   916.9     8.1  0.0  0.0  0.00  0.0 
280-13:00:17   21.7   916.5     8.2  0.0  0.0  0.00  0.0 
280-13:07:57   22.6   916.4     7.9  0.0  0.0  0.00  0.0 
280-13:20:17   22.5   916.2     8.2  0.0  0.0  0.00  0.0 
280-13:40:17   21.3   915.9     7.9  0.0  0.0  0.00  0.0 
280-14:01:20   21.8   915.7     8.3  0.0  0.0  0.00  0.0 
280-14:08:17   21.8   915.7     8.0  0.0  0.0  0.00  0.0 
280-14:20:17   22.4   915.5     8.1  0.0  0.0  0.00  0.0 
280-14:40:18   22.2   915.3     6.8  0.0  0.0  0.00  0.0 
280-15:00:17   22.6   915.1     7.2  0.0  0.0  0.00  0.0 
280-15:08:32   22.6   915.0     7.9  0.0  0.0  0.00  0.0 
280-15:20:17   22.6   914.9     8.3  0.0  0.0  0.00  0.0 
280-15:40:17   22.4   914.8     7.0  0.0  0.0  0.00  0.0 
280-16:00:18   22.3   914.7     7.7  0.0  0.0  0.00  0.0 
280-16:15:18   22.1   914.6     7.9  0.0  0.0  0.00  0.0 
280-16:30:18   22.8   914.6     7.7  0.0  0.0  0.00  0.0 
280-16:45:18   22.2   914.6     7.2  0.0  0.0  0.00  0.0 
280-17:00:18   22.0   914.7     7.8  0.0  0.0  0.00  0.0 
280-17:15:18   21.5   914.6     7.7  0.0  0.0  0.00  0.0 
280-17:30:18   20.7   914.7     8.0  0.0  0.0  0.00  0.0 
280-17:45:18   19.9   914.8     7.9  0.0  0.0  0.00  0.0 
280-18:00:18   19.4   914.8     7.8  0.0  0.0  0.00  0.0 
280-18:15:18   18.8   914.9     7.9  0.0  0.0  0.00  0.0 
280-18:30:18   18.5   915.1     7.9  0.0  0.0  0.00  0.0 
280-18:45:18   18.0   915.2     7.7  0.0  0.0  0.00  0.0 
280-19:00:18   17.8   915.3     7.5  0.0  0.0  0.00  0.0 
280-19:15:18   18.5   915.4     7.6  0.0  0.0  0.00  0.0 
280-19:30:18   18.2   915.6     8.7  0.0  0.0  0.00  0.0 
280-19:45:18   18.0   915.6     9.1  0.0  0.0  0.00  0.0 
280-20:00:18   17.5   915.6     9.6  0.0  0.0  0.00  0.0 
280-20:15:18   17.3   915.7     9.9  0.0  0.0  0.00  0.0 
280-20:30:18   17.0   915.7     9.9  0.0  0.0  0.00  0.0 
280-20:45:18   17.5   915.8     9.9  0.0  0.0  0.00  0.0 
280-21:00:18   17.2   915.8     9.9  0.0  0.0  0.00  0.0 
280-21:15:18   17.2   915.9     9.9  0.0  0.0  0.00  0.0 
280-21:30:18   16.1   915.9     9.7  0.0  0.0  0.00  0.0 
280-21:45:18   16.0   915.8     9.6  0.0  0.0  0.00  0.0 
280-22:00:17   15.8   915.8     9.7  0.0  0.0  0.00  0.0 
280-22:15:17   15.8   915.8     9.7  0.0  0.0  0.00  0.0 
280-22:30:17   15.5   915.8     9.6  0.0  0.0  0.00  0.0 
280-22:45:17   15.5   915.7     9.6  0.0  0.0  0.00  0.0 
280-23:00:17   15.1   915.8     9.7  0.0  0.0  0.00  0.0 
280-23:15:17   15.4   915.6    10.0  0.0  0.0  0.00  0.0 
280-23:30:17   15.3   915.5    10.1  0.0  0.0  0.00  0.0 
280-23:45:17   15.2   915.4    10.2  0.0  0.0  0.00  0.0 
281-00:00:18   15.1   915.3    10.1  0.0  0.0  0.00  0.0 
281-00:15:17   14.6   915.2    10.0  0.0  0.0  0.00  0.0 
281-00:30:17   14.3   915.2     9.5  0.0  0.0  0.00  0.0 
281-00:45:17   13.9   915.2     9.7  0.0  0.0  0.00  0.0 
281-01:00:17   13.8   915.2     9.8  0.0  0.0  0.00  0.0 
281-01:15:17   14.3   915.2    10.1  0.0  0.0  0.00  0.0 
281-01:30:18   13.9   915.1     9.9  0.0  0.0  0.00  0.0 
281-01:45:17   13.8   915.1     9.8  0.0  0.0  0.00  0.0 
281-02:00:17   12.9   915.0     9.7  0.0  0.0  0.00  0.0 
281-02:15:17   13.1   914.8    10.1  0.0  0.0  0.00  0.0 
281-02:30:17   13.0   914.8     9.8  0.0  0.0  0.00  0.0 
281-02:45:17   13.0   914.8    10.0  0.0  0.0  0.00  0.0 
281-03:00:17   12.7   914.8     9.9  0.0  0.0  0.00  0.0 
281-03:15:17   12.6   914.7    10.0  0.0  0.0  0.00  0.0 
281-03:30:17   12.4   914.7     9.8  0.0  0.0  0.00  0.0 
281-03:45:17   11.9   914.6     9.6  0.0  0.0  0.00  0.0 
281-04:00:17   11.6   914.7     9.8  0.0  0.0  0.00  0.0 
281-04:15:17   11.7   914.7     9.9  0.0  0.0  0.00  0.0 
281-04:30:17   11.6   914.8     9.8  0.0  0.0  0.00  0.0 
281-04:45:18   11.8   914.9    10.2  0.0  0.0  0.00  0.0 
281-05:00:18   12.1   914.8    10.3  0.0  0.0  0.00  0.0 
281-05:15:18   12.0   914.9    10.2  0.0  0.0  0.00  0.0 
281-05:30:18   11.7   915.0    10.4  0.0  0.0  0.00  0.0 
281-05:45:18   12.0   914.9    10.7  0.0  0.0  0.00  0.0 
281-06:00:18   12.0   914.9    10.7  0.0  0.0  0.00  0.0 
281-06:15:18   11.7   914.9    10.6  0.0  0.0  0.00  0.0 
281-06:30:18   12.0   914.9    10.7  0.0  0.0  0.00  0.0 
281-06:45:19   11.9   915.1    10.6  0.0  0.0  0.00  0.0 
281-07:00:18   12.2   915.1    10.9  0.0  0.0  0.00  0.0 
281-07:15:17   12.3   915.3    10.9  0.0  0.0  0.00  0.0 
281-07:30:17   13.7   915.4    10.9  0.0  0.0  0.00  0.0 
281-07:45:17   15.0   915.5    11.2  0.0  0.0  0.00  0.0 
281-08:00:17   15.8   915.7    11.6  0.0  0.0  0.00  0.0 
281-08:15:17   16.3   915.8    11.4  0.0  0.0  0.00  0.0 
281-08:30:17   16.7   915.9    11.6  0.0  0.0  0.00  0.0 
281-08:45:18   17.3   916.0    11.8  0.0  0.0  0.00  0.0 
281-09:00:18   17.5   916.1    11.7  0.0  0.0  0.00  0.0 
281-09:15:19   18.8   916.0    11.1  0.0  0.0  0.00  0.0 
281-09:30:18   18.6   916.1    11.2  0.0  0.0  0.00  0.0 
281-09:45:18   19.5   916.0    10.7  0.0  0.0  0.00  0.0 
281-10:03:37   20.0   915.9    10.1  0.0  0.0  0.00  0.0 
281-10:15:19   20.1   915.8     9.9  0.0  0.0  0.00  0.0 
281-10:30:18   20.9   915.8     9.8  0.0  0.0  0.00  0.0 
281-10:45:18   21.6   915.7     9.5  0.0  0.0  0.00  0.0 
281-11:00:18   20.5   915.6     9.4  0.0  0.0  0.00  0.0 
281-11:15:19   22.0   915.5     9.5  0.0  0.0  0.00  0.0 
281-11:30:18   21.5   915.4     8.7  0.0  0.0  0.00  0.0 
281-11:45:18   23.0   915.2     7.5  0.0  0.0  0.00  0.0 
281-12:00:18   22.4   914.9     7.4  0.0  0.0  0.00  0.0 
281-12:15:19   22.6   914.7     6.8  0.0  0.0  0.00  0.0 
281-12:30:19   23.3   914.5     6.5  0.0  0.0  0.00  0.0 
281-12:45:18   23.5   914.3     6.3  0.0  0.0  0.00  0.0 
281-13:00:18   24.1   914.1     5.9  0.0  0.0  0.00  0.0 
281-13:15:18   24.0   914.0     6.3  0.0  0.0  0.00  0.0 
281-13:30:19   23.9   913.7     5.3  0.0  0.0  0.00  0.0 
281-13:45:18   23.3   913.6     5.2  0.0  0.0  0.00  0.0 
281-14:00:19   23.5   913.5     5.4  0.0  0.0  0.00  0.0 
281-14:15:18   23.6   913.2     4.5  0.0  0.0  0.00  0.0 
281-14:30:18   24.0   913.1     4.9  0.0  0.0  0.00  0.0 
281-14:45:18   24.0   913.0     4.4  0.0  0.0  0.00  0.0 
 / 
