WEATHER PV /
280-10:20:02    6.7   728.0     6.0  0.0  0.0  0.00  0.0 
280-10:24:09    6.7   728.0     6.0  0.0  0.0  0.00  0.0 
280-10:27:02    6.8   727.9     6.6  0.0  0.0  0.00  0.0 
280-10:32:09    6.8   727.9     6.6  0.0  0.0  0.00  0.0 
280-10:40:02    6.8   727.9     6.8  0.0  0.0  0.00  0.0 
280-10:47:29    6.8   727.9     6.8  0.0  0.0  0.00  0.0 
280-11:00:02    6.6   727.8     6.6  0.0  0.0  0.00  0.0 
280-11:07:29    6.6   727.8     6.6  0.0  0.0  0.00  0.0 
280-11:20:02    6.7   727.7     6.7  0.0  0.0  0.00  0.0 
280-11:24:09    6.7   727.7     6.7  0.0  0.0  0.00  0.0 
280-11:27:02    6.9   727.6     6.9  0.0  0.0  0.00  0.0 
280-11:34:29    6.9   727.6     6.9  0.0  0.0  0.00  0.0 
280-11:40:02    6.7   727.6     6.7  0.0  0.0  0.00  0.0 
280-11:47:29    6.7   727.6     6.7  0.0  0.0  0.00  0.0 
280-12:00:02    7.1   727.5     7.1  0.0  0.0  0.00  0.0 
280-12:04:09    7.1   727.5     7.1  0.0  0.0  0.00  0.0 
280-12:07:12    7.1   727.4     7.1  0.0  0.0  0.00  0.0 
280-12:14:39    7.1   727.4     7.1  0.0  0.0  0.00  0.0 
280-12:20:02    7.3   727.4     7.3  0.0  0.0  0.00  0.0 
280-12:28:09    7.3   727.4     7.3  0.0  0.0  0.00  0.0 
280-12:40:02    7.2   727.2     7.2  0.0  0.0  0.00  0.0 
280-12:47:29    7.2   727.2     7.2  0.0  0.0  0.00  0.0 
280-13:00:02    7.5   727.1     7.5  0.0  0.0  0.00  0.0 
280-13:04:09    7.5   727.1     7.5  0.0  0.0  0.00  0.0 
280-13:07:42    7.8   727.1     7.8  0.0  0.0  0.00  0.0 
280-13:15:09    7.8   727.1     7.8  0.0  0.0  0.00  0.0 
280-13:20:02    8.6   727.0     8.6  0.0  0.0  0.00  0.0 
280-13:27:29    8.6   727.0     8.6  0.0  0.0  0.00  0.0 
280-13:40:02    7.6   726.9     7.6  0.0  0.0  0.00  0.0 
280-13:47:29    7.6   726.9     7.6  0.0  0.0  0.00  0.0 
280-14:00:02    6.9   726.8     6.9  0.0  0.0  0.00  0.0 
280-14:03:09    6.9   726.8     6.9  0.0  0.0  0.00  0.0 
280-14:08:02    7.0   726.8     7.0  0.0  0.0  0.00  0.0 
280-14:15:09    7.0   726.8     7.0  0.0  0.0  0.00  0.0 
280-14:20:02    7.2   726.9     7.2  0.0  0.0  0.00  0.0 
280-14:27:29    7.2   726.9     7.2  0.0  0.0  0.00  0.0 
280-14:40:02    6.9   726.8     6.9  0.0  0.0  0.00  0.0 
280-14:47:29    6.9   726.8     6.9  0.0  0.0  0.00  0.0 
280-15:00:02    6.9   726.7     6.9  0.0  0.0  0.00  0.0 
280-15:04:09    6.9   726.7     6.9  0.0  0.0  0.00  0.0 
280-15:08:17    7.0   726.7     7.0  0.0  0.0  0.00  0.0 
280-15:15:24    7.0   726.7     7.0  0.0  0.0  0.00  0.0 
280-15:20:02    7.0   726.6     7.0  0.0  0.0  0.00  0.0 
280-15:27:29    7.0   726.6     7.0  0.0  0.0  0.00  0.0 
280-15:40:02    6.6   726.5     6.6  0.0  0.0  0.00  0.0 
280-15:47:29    6.6   726.5     6.6  0.0  0.0  0.00  0.0 
280-16:00:03    6.6   726.5     6.6  0.0  0.0  0.00  0.0 
280-16:07:30    6.6   726.5     6.6  0.0  0.0  0.00  0.0 
280-16:15:03    6.6   726.5     6.6  0.0  0.0  0.00  0.0 
280-16:22:30    6.6   726.5     6.6  0.0  0.0  0.00  0.0 
280-16:30:03    6.7   726.5     6.7  0.0  0.0  0.00  0.0 
280-16:37:30    6.7   726.5     6.7  0.0  0.0  0.00  0.0 
280-16:45:03    6.8   726.4     6.8  0.0  0.0  0.00  0.0 
280-16:52:30    6.8   726.4     6.8  0.0  0.0  0.00  0.0 
280-17:00:03    6.5   726.5     6.5  0.0  0.0  0.00  0.0 
280-17:07:30    6.5   726.5     6.5  0.0  0.0  0.00  0.0 
280-17:15:03    6.0   726.5     6.0  0.0  0.0  0.00  0.0 
280-17:22:30    6.0   726.5     6.0  0.0  0.0  0.00  0.0 
280-17:30:03    5.9   726.6     5.9  0.0  0.0  0.00  0.0 
280-17:37:30    5.9   726.6     5.9  0.0  0.0  0.00  0.0 
280-17:45:03    5.8   726.6     5.8  0.0  0.0  0.00  0.0 
280-17:52:30    5.8   726.6     5.8  0.0  0.0  0.00  0.0 
280-18:03:30    5.4   726.7     5.4  0.0  0.0  0.00  0.0 
280-18:07:30    5.4   726.7     5.4  0.0  0.0  0.00  0.0 
280-18:15:03    5.2   726.6     5.2  0.0  0.0  0.00  0.0 
280-18:22:30    5.2   726.6     5.2  0.0  0.0  0.00  0.0 
280-18:30:03    5.1   726.6    -1.0  0.0  0.0  0.00  0.0 
280-18:37:30    5.1   726.6    -1.0  0.0  0.0  0.00  0.0 
280-18:45:03    6.1   726.7    -5.4  0.0  0.0  0.00  0.0 
280-18:52:30    6.1   726.7    -5.4  0.0  0.0  0.00  0.0 
280-19:00:03    6.5   726.8    -5.0  0.0  0.0  0.00  0.0 
280-19:07:30    6.5   726.8    -5.0  0.0  0.0  0.00  0.0 
280-19:15:03    6.7   726.9    -6.2  0.0  0.0  0.00  0.0 
280-19:22:30    6.7   726.9    -6.2  0.0  0.0  0.00  0.0 
280-19:30:03    6.8   726.9    -5.6  0.0  0.0  0.00  0.0 
280-19:37:30    6.8   726.9    -5.6  0.0  0.0  0.00  0.0 
280-19:45:03    6.7   727.0    -5.4  0.0  0.0  0.00  0.0 
280-19:52:30    6.7   727.0    -5.4  0.0  0.0  0.00  0.0 
280-20:00:03    6.6   726.9    -5.6  0.0  0.0  0.00  0.0 
280-20:07:30    6.6   726.9    -5.6  0.0  0.0  0.00  0.0 
280-20:19:36    6.4   726.9    -6.4  0.0  0.0  0.00  0.0 
280-20:22:30    6.4   726.9    -6.4  0.0  0.0  0.00  0.0 
280-20:30:03    6.4   727.0    -6.2  0.0  0.0  0.00  0.0 
280-20:37:30    6.4   727.0    -6.2  0.0  0.0  0.00  0.0 
280-20:45:03    6.3   727.0    -6.0  0.0  0.0  0.00  0.0 
280-20:52:30    6.3   727.0    -6.0  0.0  0.0  0.00  0.0 
280-21:00:34    6.1   726.9    -4.4  0.0  0.0  0.00  0.0 
280-21:07:30    6.1   726.9    -4.4  0.0  0.0  0.00  0.0 
280-21:30:03    6.3   726.9    -5.9  0.0  0.0  0.00  0.0 
280-21:37:30    6.3   726.9    -5.9  0.0  0.0  0.00  0.0 
280-21:45:03    6.6   726.9    -9.4  0.0  0.0  0.00  0.0 
280-21:51:10    6.6   726.9    -9.4  0.0  0.0  0.00  0.0 
280-22:00:02    6.7   726.8   -10.4  0.0  0.0  0.00  0.0 
280-22:06:09    6.7   726.8   -10.4  0.0  0.0  0.00  0.0 
280-22:15:02    7.0   726.8   -10.5  0.0  0.0  0.00  0.0 
280-22:21:09    7.0   726.8   -10.5  0.0  0.0  0.00  0.0 
280-22:30:02    7.0   726.7    -9.0  0.0  0.0  0.00  0.0 
280-22:36:09    7.0   726.7    -9.0  0.0  0.0  0.00  0.0 
280-22:45:02    7.2   726.6    -6.5  0.0  0.0  0.00  0.0 
280-22:51:09    7.2   726.6    -6.5  0.0  0.0  0.00  0.0 
280-23:00:02    7.0   726.6    -4.4  0.0  0.0  0.00  0.0 
280-23:06:09    7.0   726.6    -4.4  0.0  0.0  0.00  0.0 
280-23:15:02    6.9   726.5    -4.1  0.0  0.0  0.00  0.0 
280-23:21:09    6.9   726.5    -4.1  0.0  0.0  0.00  0.0 
280-23:30:02    6.9   726.5    -3.9  0.0  0.0  0.00  0.0 
280-23:36:09    6.9   726.5    -3.9  0.0  0.0  0.00  0.0 
280-23:45:02    6.8   726.3    -3.8  0.0  0.0  0.00  0.0 
280-23:51:09    6.8   726.3    -3.8  0.0  0.0  0.00  0.0 
281-00:00:03    6.8   726.3    -3.1  0.0  0.0  0.00  0.0 
281-00:06:10    6.8   726.3    -3.1  0.0  0.0  0.00  0.0 
281-00:15:02    6.7   726.2    -2.1  0.0  0.0  0.00  0.0 
281-00:21:09    6.7   726.2    -2.1  0.0  0.0  0.00  0.0 
281-00:30:02    6.7   726.0    -1.8  0.0  0.0  0.00  0.0 
281-00:36:09    6.7   726.0    -1.8  0.0  0.0  0.00  0.0 
281-00:45:02    6.8   726.0    -2.0  0.0  0.0  0.00  0.0 
281-00:51:09    6.8   726.0    -2.0  0.0  0.0  0.00  0.0 
281-01:00:02    6.8   725.8    -2.7  0.0  0.0  0.00  0.0 
281-01:06:09    6.8   725.8    -2.7  0.0  0.0  0.00  0.0 
281-01:15:02    6.9   725.8    -2.4  0.0  0.0  0.00  0.0 
281-01:21:09    6.9   725.8    -2.4  0.0  0.0  0.00  0.0 
281-01:30:02    6.7   725.7    -1.9  0.0  0.0  0.00  0.0 
281-01:36:09    6.7   725.7    -1.9  0.0  0.0  0.00  0.0 
281-01:45:02    6.6   725.6    -0.6  0.0  0.0  0.00  0.0 
281-01:51:09    6.6   725.6    -0.6  0.0  0.0  0.00  0.0 
281-02:00:02    6.5   725.5    -0.0  0.0  0.0  0.00  0.0 
281-02:06:09    6.5   725.5    -0.0  0.0  0.0  0.00  0.0 
281-02:15:02    6.2   725.5    -0.1  0.0  0.0  0.00  0.0 
281-02:21:09    6.2   725.5    -0.1  0.0  0.0  0.00  0.0 
281-02:30:02    6.2   725.4     0.5  0.0  0.0  0.00  0.0 
281-02:36:09    6.2   725.4     0.5  0.0  0.0  0.00  0.0 
281-02:45:02    6.3   725.3     0.6  0.0  0.0  0.00  0.0 
281-02:51:09    6.3   725.3     0.6  0.0  0.0  0.00  0.0 
281-03:00:02    6.4   725.3     1.5  0.0  0.0  0.00  0.0 
281-03:06:09    6.4   725.3     1.5  0.0  0.0  0.00  0.0 
281-03:15:02    6.3   725.2     2.3  0.0  0.0  0.00  0.0 
281-03:21:09    6.3   725.2     2.3  0.0  0.0  0.00  0.0 
281-03:30:02    6.3   725.2     2.9  0.0  0.0  0.00  0.0 
281-03:36:09    6.3   725.2     2.9  0.0  0.0  0.00  0.0 
281-03:45:02    6.3   725.3     2.8  0.0  0.0  0.00  0.0 
281-03:51:09    6.3   725.3     2.8  0.0  0.0  0.00  0.0 
281-04:00:02    6.3   725.3     2.9  0.0  0.0  0.00  0.0 
281-04:06:09    6.3   725.3     2.9  0.0  0.0  0.00  0.0 
281-04:15:02    6.3   725.3     2.9  0.0  0.0  0.00  0.0 
281-04:21:09    6.3   725.3     2.9  0.0  0.0  0.00  0.0 
281-04:30:02    6.2   725.3     2.4  0.0  0.0  0.00  0.0 
281-04:35:09    6.2   725.3     2.4  0.0  0.0  0.00  0.0 
281-04:45:03    5.9   725.4     2.3  0.0  0.0  0.00  0.0 
281-04:52:30    5.9   725.4     2.3  0.0  0.0  0.00  0.0 
281-05:00:03    5.8   725.4     2.6  0.0  0.0  0.00  0.0 
281-05:07:30    5.8   725.4     2.6  0.0  0.0  0.00  0.0 
281-05:15:03    5.8   725.5     3.4  0.0  0.0  0.00  0.0 
281-05:22:30    5.8   725.5     3.4  0.0  0.0  0.00  0.0 
281-05:30:03    5.7   725.4     3.9  0.0  0.0  0.00  0.0 
281-05:37:30    5.7   725.4     3.9  0.0  0.0  0.00  0.0 
281-05:45:03    5.6   725.4     3.6  0.0  0.0  0.00  0.0 
281-05:52:30    5.6   725.4     3.6  0.0  0.0  0.00  0.0 
281-06:00:03    5.4   725.3     2.5  0.0  0.0  0.00  0.0 
281-06:07:30    5.4   725.3     2.5  0.0  0.0  0.00  0.0 
281-06:15:03    5.4   725.3     2.4  0.0  0.0  0.00  0.0 
281-06:21:10    5.4   725.3     2.4  0.0  0.0  0.00  0.0 
281-06:30:03    5.4   725.4     2.6  0.0  0.0  0.00  0.0 
281-06:36:10    5.4   725.4     2.6  0.0  0.0  0.00  0.0 
281-06:45:03    5.7   725.5     2.7  0.0  0.0  0.00  0.0 
281-06:51:10    5.7   725.5     2.7  0.0  0.0  0.00  0.0 
281-07:00:03    5.8   725.6     3.2  0.0  0.0  0.00  0.0 
281-07:06:10    5.8   725.6     3.2  0.0  0.0  0.00  0.0 
281-07:15:02    5.9   725.7     3.8  0.0  0.0  0.00  0.0 
281-07:21:09    5.9   725.7     3.8  0.0  0.0  0.00  0.0 
281-07:30:02    6.1   725.9     4.5  0.0  0.0  0.00  0.0 
281-07:36:09    6.1   725.9     4.5  0.0  0.0  0.00  0.0 
281-07:45:02    6.3   726.0     5.3  0.0  0.0  0.00  0.0 
281-07:51:09    6.3   726.0     5.3  0.0  0.0  0.00  0.0 
281-08:00:02    6.7   726.2     4.1  0.0  0.0  0.00  0.0 
281-08:06:09    6.7   726.2     4.1  0.0  0.0  0.00  0.0 
281-08:15:02    6.6   726.2     3.4  0.0  0.0  0.00  0.0 
281-08:21:09    6.6   726.2     3.4  0.0  0.0  0.00  0.0 
281-08:30:02    6.5   726.4     3.4  0.0  0.0  0.00  0.0 
281-08:36:09    6.5   726.4     3.4  0.0  0.0  0.00  0.0 
281-09:00:03    6.8   726.5     3.9  0.0  0.0  0.00  0.0 
281-09:07:30    6.8   726.5     3.9  0.0  0.0  0.00  0.0 
281-09:15:03    7.1   726.6     4.4  0.0  0.0  0.00  0.0 
281-09:22:30    7.1   726.6     4.4  0.0  0.0  0.00  0.0 
281-09:30:03    7.4   726.7     3.3  0.0  0.0  0.00  0.0 
281-09:37:30    7.4   726.7     3.3  0.0  0.0  0.00  0.0 
281-09:45:03    7.9   726.7     2.7  0.0  0.0  0.00  0.0 
281-09:52:30    7.9   726.7     2.7  0.0  0.0  0.00  0.0 
281-10:00:03    8.1   726.7     3.3  0.0  0.0  0.00  0.0 
281-10:07:30    8.1   726.7     3.3  0.0  0.0  0.00  0.0 
281-10:15:03    8.1   726.8     2.5  0.0  0.0  0.00  0.0 
281-10:22:30    8.1   726.8     2.5  0.0  0.0  0.00  0.0 
281-10:30:03    7.8   726.7     4.6  0.0  0.0  0.00  0.0 
281-10:37:30    7.8   726.7     4.6  0.0  0.0  0.00  0.0 
281-10:45:03    8.2   726.7     4.6  0.0  0.0  0.00  0.0 
281-10:52:30    8.2   726.7     4.6  0.0  0.0  0.00  0.0 
281-11:00:03    8.2   726.6     3.2  0.0  0.0  0.00  0.0 
281-11:07:30    8.2   726.6     3.2  0.0  0.0  0.00  0.0 
281-11:15:03    8.3   726.5     3.2  0.0  0.0  0.00  0.0 
281-11:22:30    8.3   726.5     3.2  0.0  0.0  0.00  0.0 
281-11:30:03    8.2   726.5     6.3  0.0  0.0  0.00  0.0 
281-11:37:30    8.2   726.5     6.3  0.0  0.0  0.00  0.0 
281-11:45:03    8.2   726.6     5.3  0.0  0.0  0.00  0.0 
281-11:52:30    8.2   726.6     5.3  0.0  0.0  0.00  0.0 
281-12:00:03    9.1   726.5     9.1  0.0  0.0  0.00  0.0 
281-12:07:30    9.1   726.5     9.1  0.0  0.0  0.00  0.0 
281-12:15:03    9.7   726.4     4.3  0.0  0.0  0.00  0.0 
281-12:22:30    9.7   726.4     4.3  0.0  0.0  0.00  0.0 
281-12:30:03    9.9   726.3     3.5  0.0  0.0  0.00  0.0 
281-12:37:30    9.9   726.3     3.5  0.0  0.0  0.00  0.0 
281-12:45:03    9.9   726.2     3.6  0.0  0.0  0.00  0.0 
281-12:52:30    9.9   726.2     3.6  0.0  0.0  0.00  0.0 
281-13:00:03    9.6   726.1     5.7  0.0  0.0  0.00  0.0 
281-13:07:30    9.6   726.1     5.7  0.0  0.0  0.00  0.0 
281-13:15:03    9.6   726.0     9.0  0.0  0.0  0.00  0.0 
281-13:22:30    9.6   726.0     9.0  0.0  0.0  0.00  0.0 
281-13:30:03   10.0   726.0     7.1  0.0  0.0  0.00  0.0 
281-13:37:30   10.0   726.0     7.1  0.0  0.0  0.00  0.0 
281-13:45:03   10.3   725.9     4.8  0.0  0.0  0.00  0.0 
281-13:52:30   10.3   725.9     4.8  0.0  0.0  0.00  0.0 
281-14:00:03   11.2   725.8     8.7  0.0  0.0  0.00  0.0 
281-14:07:30   11.2   725.8     8.7  0.0  0.0  0.00  0.0 
281-14:15:03   10.8   725.8     7.2  0.0  0.0  0.00  0.0 
281-14:22:30   10.8   725.8     7.2  0.0  0.0  0.00  0.0 
281-14:30:03   11.0   725.7     7.7  0.0  0.0  0.00  0.0 
281-14:37:30   11.0   725.7     7.7  0.0  0.0  0.00  0.0 
281-14:45:03   11.1   725.6     7.3  0.0  0.0  0.00  0.0 
281-14:52:30   11.1   725.6     7.3  0.0  0.0  0.00  0.0 
 / 
