WEATHER KU /
280-10:19:03   14.6  1006.1    11.3  0.0  0.0  0.00  0.0 
280-10:24:51   14.5  1006.3    11.3  0.0  0.0  0.00  0.0 
280-10:35:38   14.4  1006.5    11.2  0.0  0.0  0.00  0.0 
280-10:50:59   14.1  1006.7    11.0  0.0  0.0  0.00  0.0 
280-11:11:07   14.0  1007.0    11.0  0.0  0.0  0.00  0.0 
280-11:24:49   13.9  1007.3    10.9  0.0  0.0  0.00  0.0 
280-11:37:58   13.8  1007.4    10.8  0.0  0.0  0.00  0.0 
280-11:51:08   13.8  1007.5    10.9  0.0  0.0  0.00  0.0 
280-12:04:49   13.9  1007.8    10.9  0.0  0.0  0.00  0.0 
280-12:18:05   14.0  1007.9    11.0  0.0  0.0  0.00  0.0 
280-12:31:39   14.0  1008.0    10.9  0.0  0.0  0.00  0.0 
280-12:51:05   13.8  1008.1    10.8  0.0  0.0  0.00  0.0 
280-13:04:45   13.8  1008.1    10.8  0.0  0.0  0.00  0.0 
280-13:18:33   13.8  1008.2    10.9  0.0  0.0  0.00  0.0 
280-13:30:11   13.8  1008.4    10.8  0.0  0.0  0.00  0.0 
280-13:50:19   13.9  1008.5    10.8  0.0  0.0  0.00  0.0 
280-14:06:02   13.8  1008.6    10.6  0.0  0.0  0.00  0.0 
280-14:17:53   13.8  1008.8    10.5  0.0  0.0  0.00  0.0 
280-14:30:13   13.8  1008.7    10.5  0.0  0.0  0.00  0.0 
280-14:51:48   13.6  1008.7    10.4  0.0  0.0  0.00  0.0 
280-15:15:51   13.4  1008.7    10.3  0.0  0.0  0.00  0.0 
280-15:30:55   13.2  1008.8    10.2  0.0  0.0  0.00  0.0 
280-15:51:09   13.0  1008.7    10.2  0.0  0.0  0.00  0.0 
280-16:10:57   13.0  1008.9    10.3  0.0  0.0  0.00  0.0 
280-16:25:56   13.0  1008.9    10.2  0.0  0.0  0.00  0.0 
280-16:40:57   12.9  1009.1    10.2  0.0  0.0  0.00  0.0 
280-16:56:06   12.9  1009.0    10.2  0.0  0.0  0.00  0.0 
280-17:11:07   12.9  1009.1    10.2  0.0  0.0  0.00  0.0 
280-17:25:55   12.8  1009.1    10.1  0.0  0.0  0.00  0.0 
280-17:40:57   12.9  1009.2    10.2  0.0  0.0  0.00  0.0 
280-17:56:07   13.0  1009.1    10.2  0.0  0.0  0.00  0.0 
280-18:11:07   12.7  1009.1     9.9  0.0  0.0  0.00  0.0 
280-18:25:56   12.8  1009.1    10.1  0.0  0.0  0.00  0.0 
280-18:40:55   12.9  1009.1    10.0  0.0  0.0  0.00  0.0 
280-18:58:31   12.8  1009.0     9.9  0.0  0.0  0.00  0.0 
280-19:22:56   12.8  1009.3    10.0  0.0  0.0  0.00  0.0 
280-19:37:56   12.8  1009.3    10.0  0.0  0.0  0.00  0.0 
280-20:04:44   12.5  1009.5     9.9  0.0  0.0  0.00  0.0 
280-20:30:52   12.8  1009.7     9.9  0.0  0.0  0.00  0.0 
280-20:50:52   12.8  1009.8     9.8  0.0  0.0  0.00  0.0 
280-21:10:55   12.5  1010.0     9.6  0.0  0.0  0.00  0.0 
280-21:30:56   12.6  1010.0     9.7  0.0  0.0  0.00  0.0 
280-21:50:55   12.5  1010.2     9.7  0.0  0.0  0.00  0.0 
280-22:10:56   12.8  1010.2     9.8  0.0  0.0  0.00  0.0 
280-22:30:57   13.6  1010.4    10.1  0.0  0.0  0.00  0.0 
280-22:50:56   13.9  1010.6    10.0  0.0  0.0  0.00  0.0 
280-23:10:58   14.4  1010.9    10.1  0.0  0.0  0.00  0.0 
280-23:30:58   15.0  1011.0    10.4  0.0  0.0  0.00  0.0 
281-05:13:16   20.6  1009.8    10.1  0.0  0.0  0.00  0.0 
281-05:36:44   18.9  1009.8     8.8  0.0  0.0  0.00  0.0 
281-05:51:29   19.4  1009.6     9.1  0.0  0.0  0.00  0.0 
281-05:56:25   19.3  1009.6     9.0  0.0  0.0  0.00  0.0 
281-06:09:34   18.8  1009.6     9.1  0.0  0.0  0.00  0.0 
281-06:24:33   18.0  1009.8     8.9  0.0  0.0  0.00  0.0 
281-06:39:34   18.0  1009.8     9.4  0.0  0.0  0.00  0.0 
281-06:55:55   17.9  1009.8     9.0  0.0  0.0  0.00  0.0 
281-07:10:55   17.8  1009.7     9.2  0.0  0.0  0.00  0.0 
281-07:25:56   17.5  1009.7     9.1  0.0  0.0  0.00  0.0 
281-07:40:52   17.7  1009.8     9.4  0.0  0.0  0.00  0.0 
281-07:56:05   18.0  1009.9     9.2  0.0  0.0  0.00  0.0 
281-08:12:03   17.7  1010.0     8.6  0.0  0.0  0.00  0.0 
281-08:25:58   17.3  1010.0     8.6  0.0  0.0  0.00  0.0 
281-08:40:59   16.7  1010.1     8.9  0.0  0.0  0.00  0.0 
281-08:55:55   16.5  1010.1     8.7  0.0  0.0  0.00  0.0 
281-09:10:56   16.2  1009.8     8.4  0.0  0.0  0.00  0.0 
281-09:25:56   15.2  1010.0     8.0  0.0  0.0  0.00  0.0 
281-09:40:57   15.7  1009.9     8.9  0.0  0.0  0.00  0.0 
281-09:55:59   15.6  1010.0     9.0  0.0  0.0  0.00  0.0 
281-10:10:56   15.1  1010.4     8.9  0.0  0.0  0.00  0.0 
281-10:25:55   15.3  1010.6     9.0  0.0  0.0  0.00  0.0 
281-10:40:58   15.4  1010.7     8.9  0.0  0.0  0.00  0.0 
281-10:55:59   15.1  1010.6     8.8  0.0  0.0  0.00  0.0 
281-11:10:56   14.3  1010.8     8.7  0.0  0.0  0.00  0.0 
281-11:25:57   14.4  1011.1     9.0  0.0  0.0  0.00  0.0 
281-11:40:56   14.7  1011.1     8.7  0.0  0.0  0.00  0.0 
281-11:55:59   14.9  1010.7     8.8  0.0  0.0  0.00  0.0 
281-12:10:54   14.6  1010.8     8.5  0.0  0.0  0.00  0.0 
281-12:25:58   13.3  1010.9     8.0  0.0  0.0  0.00  0.0 
281-12:40:59   14.4  1010.9     8.9  0.0  0.0  0.00  0.0 
281-12:55:58   14.2  1010.9     8.7  0.0  0.0  0.00  0.0 
281-13:10:57   13.7  1010.7     8.6  0.0  0.0  0.00  0.0 
281-13:25:55   14.4  1010.8     8.7  0.0  0.0  0.00  0.0 
281-13:40:57   14.5  1010.6     8.6  0.0  0.0  0.00  0.0 
281-13:52:57   13.8  1010.7     8.3  0.0  0.0  0.00  0.0 
281-14:12:05   12.6  1010.4     8.8  0.0  0.0  0.00  0.0 
281-14:21:39   12.4  1010.3     8.8  0.0  0.0  0.00  0.0 
 / 
